INFO [2017-02-10 19:32:07] $main
INFO [2017-02-10 19:32:07] title
INFO [2017-02-10 19:32:07] 
INFO [2017-02-10 19:32:07] $main.cex
INFO [2017-02-10 19:32:07] sqrt(2)
INFO [2017-02-10 19:32:07] 
INFO [2017-02-10 19:32:07] $x
INFO [2017-02-10 19:32:07] list(set.kidney, set.heart)
INFO [2017-02-10 19:32:07] 
INFO [2017-02-10 19:32:07] $category.names
INFO [2017-02-10 19:32:07] c("Kidney", "Heart")
INFO [2017-02-10 19:32:07] 
INFO [2017-02-10 19:32:07] $output
INFO [2017-02-10 19:32:07] [1] TRUE
INFO [2017-02-10 19:32:07] 
INFO [2017-02-10 19:32:07] $filename
INFO [2017-02-10 19:32:07] NULL
INFO [2017-02-10 19:32:07] 
INFO [2017-02-10 19:32:07] $imagetype
INFO [2017-02-10 19:32:07] [1] "png"
INFO [2017-02-10 19:32:07] 
INFO [2017-02-10 19:32:07] $height
INFO [2017-02-10 19:32:07] [1] 480
INFO [2017-02-10 19:32:07] 
INFO [2017-02-10 19:32:07] $width
INFO [2017-02-10 19:32:07] [1] 480
INFO [2017-02-10 19:32:07] 
INFO [2017-02-10 19:32:07] $resolution
INFO [2017-02-10 19:32:07] [1] 300
INFO [2017-02-10 19:32:07] 
INFO [2017-02-10 19:32:07] $compression
INFO [2017-02-10 19:32:07] [1] "lzw"
INFO [2017-02-10 19:32:07] 
INFO [2017-02-10 19:32:07] $lwd
INFO [2017-02-10 19:32:07] [1] 2
INFO [2017-02-10 19:32:07] 
INFO [2017-02-10 19:32:07] $lty
INFO [2017-02-10 19:32:07] [1] "blank"
INFO [2017-02-10 19:32:07] 
INFO [2017-02-10 19:32:07] $fill
INFO [2017-02-10 19:32:07] c("yellow", "green")
INFO [2017-02-10 19:32:07] 
INFO [2017-02-10 19:32:07] $cex
INFO [2017-02-10 19:32:07] [1] 1
INFO [2017-02-10 19:32:07] 
INFO [2017-02-10 19:32:07] $fontface
INFO [2017-02-10 19:32:07] [1] "bold"
INFO [2017-02-10 19:32:07] 
INFO [2017-02-10 19:32:07] $fontfamily
INFO [2017-02-10 19:32:07] [1] "sans"
INFO [2017-02-10 19:32:07] 
INFO [2017-02-10 19:32:07] $cat.cex
INFO [2017-02-10 19:32:07] [1] 1.2
INFO [2017-02-10 19:32:07] 
INFO [2017-02-10 19:32:07] $cat.fontface
INFO [2017-02-10 19:32:07] [1] "bold"
INFO [2017-02-10 19:32:07] 
INFO [2017-02-10 19:32:07] $main.fontface
INFO [2017-02-10 19:32:07] [1] "bold"
INFO [2017-02-10 19:32:07] 
INFO [2017-02-10 19:32:07] $cat.pos
INFO [2017-02-10 19:32:07] c(-27, 27)
INFO [2017-02-10 19:32:07] 
INFO [2017-02-10 19:32:07] $cat.dist
INFO [2017-02-10 19:32:07] c(0.055, 0.055)
INFO [2017-02-10 19:32:07] 
INFO [2017-02-10 19:32:07] $cat.fontfamily
INFO [2017-02-10 19:32:07] [1] "sans"
INFO [2017-02-10 19:32:07] 
INFO [2017-02-10 19:32:07] $main.fontfamily
INFO [2017-02-10 19:32:07] [1] "sans"
INFO [2017-02-10 19:32:07] 
INFO [2017-02-10 19:32:07] [[25]]
INFO [2017-02-10 19:32:07] 
INFO [2017-02-10 19:32:07] 
