INFO [2017-02-10 19:35:55] $main
INFO [2017-02-10 19:35:55] title
INFO [2017-02-10 19:35:55] 
INFO [2017-02-10 19:35:55] $main.cex
INFO [2017-02-10 19:35:55] sqrt(2)
INFO [2017-02-10 19:35:55] 
INFO [2017-02-10 19:35:55] $x
INFO [2017-02-10 19:35:55] list(set.kidney, set.heart)
INFO [2017-02-10 19:35:55] 
INFO [2017-02-10 19:35:55] $category.names
INFO [2017-02-10 19:35:55] c("Kidney", "Heart")
INFO [2017-02-10 19:35:55] 
INFO [2017-02-10 19:35:55] $output
INFO [2017-02-10 19:35:55] [1] TRUE
INFO [2017-02-10 19:35:55] 
INFO [2017-02-10 19:35:55] $filename
INFO [2017-02-10 19:35:55] NULL
INFO [2017-02-10 19:35:55] 
INFO [2017-02-10 19:35:55] $imagetype
INFO [2017-02-10 19:35:55] [1] "png"
INFO [2017-02-10 19:35:55] 
INFO [2017-02-10 19:35:55] $height
INFO [2017-02-10 19:35:55] [1] 480
INFO [2017-02-10 19:35:55] 
INFO [2017-02-10 19:35:55] $width
INFO [2017-02-10 19:35:55] [1] 480
INFO [2017-02-10 19:35:55] 
INFO [2017-02-10 19:35:55] $resolution
INFO [2017-02-10 19:35:55] [1] 300
INFO [2017-02-10 19:35:55] 
INFO [2017-02-10 19:35:55] $compression
INFO [2017-02-10 19:35:55] [1] "lzw"
INFO [2017-02-10 19:35:55] 
INFO [2017-02-10 19:35:55] $lwd
INFO [2017-02-10 19:35:55] [1] 2
INFO [2017-02-10 19:35:55] 
INFO [2017-02-10 19:35:55] $lty
INFO [2017-02-10 19:35:55] [1] "blank"
INFO [2017-02-10 19:35:55] 
INFO [2017-02-10 19:35:55] $fill
INFO [2017-02-10 19:35:55] c("yellow", "green")
INFO [2017-02-10 19:35:55] 
INFO [2017-02-10 19:35:55] $cex
INFO [2017-02-10 19:35:55] [1] 1
INFO [2017-02-10 19:35:55] 
INFO [2017-02-10 19:35:55] $fontface
INFO [2017-02-10 19:35:55] [1] "bold"
INFO [2017-02-10 19:35:55] 
INFO [2017-02-10 19:35:55] $fontfamily
INFO [2017-02-10 19:35:55] [1] "sans"
INFO [2017-02-10 19:35:55] 
INFO [2017-02-10 19:35:55] $cat.cex
INFO [2017-02-10 19:35:55] [1] 1.2
INFO [2017-02-10 19:35:55] 
INFO [2017-02-10 19:35:55] $cat.fontface
INFO [2017-02-10 19:35:55] [1] "bold"
INFO [2017-02-10 19:35:55] 
INFO [2017-02-10 19:35:55] $main.fontface
INFO [2017-02-10 19:35:55] [1] "bold"
INFO [2017-02-10 19:35:55] 
INFO [2017-02-10 19:35:55] $cat.pos
INFO [2017-02-10 19:35:55] c(-27, 27)
INFO [2017-02-10 19:35:55] 
INFO [2017-02-10 19:35:55] $cat.dist
INFO [2017-02-10 19:35:55] c(0.055, 0.055)
INFO [2017-02-10 19:35:55] 
INFO [2017-02-10 19:35:55] $cat.fontfamily
INFO [2017-02-10 19:35:55] [1] "sans"
INFO [2017-02-10 19:35:55] 
INFO [2017-02-10 19:35:55] $main.fontfamily
INFO [2017-02-10 19:35:55] [1] "sans"
INFO [2017-02-10 19:35:55] 
INFO [2017-02-10 19:35:55] [[25]]
INFO [2017-02-10 19:35:55] 
INFO [2017-02-10 19:35:55] 
