INFO [2017-02-10 19:41:17] $main
INFO [2017-02-10 19:41:17] title
INFO [2017-02-10 19:41:17] 
INFO [2017-02-10 19:41:17] $main.cex
INFO [2017-02-10 19:41:17] sqrt(2)
INFO [2017-02-10 19:41:17] 
INFO [2017-02-10 19:41:17] $x
INFO [2017-02-10 19:41:17] list(set.kidney, set.heart)
INFO [2017-02-10 19:41:17] 
INFO [2017-02-10 19:41:17] $category.names
INFO [2017-02-10 19:41:17] c("Kidney", "Heart")
INFO [2017-02-10 19:41:17] 
INFO [2017-02-10 19:41:17] $output
INFO [2017-02-10 19:41:17] [1] TRUE
INFO [2017-02-10 19:41:17] 
INFO [2017-02-10 19:41:17] $filename
INFO [2017-02-10 19:41:17] NULL
INFO [2017-02-10 19:41:17] 
INFO [2017-02-10 19:41:17] $imagetype
INFO [2017-02-10 19:41:17] [1] "png"
INFO [2017-02-10 19:41:17] 
INFO [2017-02-10 19:41:17] $height
INFO [2017-02-10 19:41:17] [1] 480
INFO [2017-02-10 19:41:17] 
INFO [2017-02-10 19:41:17] $width
INFO [2017-02-10 19:41:17] [1] 480
INFO [2017-02-10 19:41:17] 
INFO [2017-02-10 19:41:17] $resolution
INFO [2017-02-10 19:41:17] [1] 300
INFO [2017-02-10 19:41:17] 
INFO [2017-02-10 19:41:17] $compression
INFO [2017-02-10 19:41:17] [1] "lzw"
INFO [2017-02-10 19:41:17] 
INFO [2017-02-10 19:41:17] $lwd
INFO [2017-02-10 19:41:17] [1] 2
INFO [2017-02-10 19:41:17] 
INFO [2017-02-10 19:41:17] $lty
INFO [2017-02-10 19:41:17] [1] "blank"
INFO [2017-02-10 19:41:17] 
INFO [2017-02-10 19:41:17] $fill
INFO [2017-02-10 19:41:17] c("yellow", "green")
INFO [2017-02-10 19:41:17] 
INFO [2017-02-10 19:41:17] $cex
INFO [2017-02-10 19:41:17] [1] 1
INFO [2017-02-10 19:41:17] 
INFO [2017-02-10 19:41:17] $fontface
INFO [2017-02-10 19:41:17] [1] "bold"
INFO [2017-02-10 19:41:17] 
INFO [2017-02-10 19:41:17] $fontfamily
INFO [2017-02-10 19:41:17] [1] "sans"
INFO [2017-02-10 19:41:17] 
INFO [2017-02-10 19:41:17] $cat.cex
INFO [2017-02-10 19:41:17] [1] 1.2
INFO [2017-02-10 19:41:17] 
INFO [2017-02-10 19:41:17] $cat.fontface
INFO [2017-02-10 19:41:17] [1] "bold"
INFO [2017-02-10 19:41:17] 
INFO [2017-02-10 19:41:17] $main.fontface
INFO [2017-02-10 19:41:17] [1] "bold"
INFO [2017-02-10 19:41:17] 
INFO [2017-02-10 19:41:17] $cat.pos
INFO [2017-02-10 19:41:17] c(-27, 27)
INFO [2017-02-10 19:41:17] 
INFO [2017-02-10 19:41:17] $cat.dist
INFO [2017-02-10 19:41:17] c(0.055, 0.055)
INFO [2017-02-10 19:41:17] 
INFO [2017-02-10 19:41:17] $cat.fontfamily
INFO [2017-02-10 19:41:17] [1] "sans"
INFO [2017-02-10 19:41:17] 
INFO [2017-02-10 19:41:17] $main.fontfamily
INFO [2017-02-10 19:41:17] [1] "sans"
INFO [2017-02-10 19:41:17] 
INFO [2017-02-10 19:41:17] [[25]]
INFO [2017-02-10 19:41:17] 
INFO [2017-02-10 19:41:17] 
INFO [2017-02-10 19:41:17] $main
INFO [2017-02-10 19:41:17] title
INFO [2017-02-10 19:41:17] 
INFO [2017-02-10 19:41:17] $main.cex
INFO [2017-02-10 19:41:17] sqrt(2)
INFO [2017-02-10 19:41:17] 
INFO [2017-02-10 19:41:17] $x
INFO [2017-02-10 19:41:17] list(set.kidney, set.heart)
INFO [2017-02-10 19:41:17] 
INFO [2017-02-10 19:41:17] $category.names
INFO [2017-02-10 19:41:17] c("Kidney", "Heart")
INFO [2017-02-10 19:41:17] 
INFO [2017-02-10 19:41:17] $output
INFO [2017-02-10 19:41:17] [1] TRUE
INFO [2017-02-10 19:41:17] 
INFO [2017-02-10 19:41:17] $filename
INFO [2017-02-10 19:41:17] NULL
INFO [2017-02-10 19:41:17] 
INFO [2017-02-10 19:41:17] $imagetype
INFO [2017-02-10 19:41:17] [1] "png"
INFO [2017-02-10 19:41:17] 
INFO [2017-02-10 19:41:17] $height
INFO [2017-02-10 19:41:17] [1] 480
INFO [2017-02-10 19:41:17] 
INFO [2017-02-10 19:41:17] $width
INFO [2017-02-10 19:41:17] [1] 480
INFO [2017-02-10 19:41:17] 
INFO [2017-02-10 19:41:17] $resolution
INFO [2017-02-10 19:41:17] [1] 300
INFO [2017-02-10 19:41:17] 
INFO [2017-02-10 19:41:17] $compression
INFO [2017-02-10 19:41:17] [1] "lzw"
INFO [2017-02-10 19:41:17] 
INFO [2017-02-10 19:41:17] $lwd
INFO [2017-02-10 19:41:17] [1] 2
INFO [2017-02-10 19:41:17] 
INFO [2017-02-10 19:41:17] $lty
INFO [2017-02-10 19:41:17] [1] "blank"
INFO [2017-02-10 19:41:17] 
INFO [2017-02-10 19:41:17] $fill
INFO [2017-02-10 19:41:17] c("yellow", "green")
INFO [2017-02-10 19:41:17] 
INFO [2017-02-10 19:41:17] $cex
INFO [2017-02-10 19:41:17] [1] 1
INFO [2017-02-10 19:41:17] 
INFO [2017-02-10 19:41:17] $fontface
INFO [2017-02-10 19:41:17] [1] "bold"
INFO [2017-02-10 19:41:17] 
INFO [2017-02-10 19:41:17] $fontfamily
INFO [2017-02-10 19:41:17] [1] "sans"
INFO [2017-02-10 19:41:17] 
INFO [2017-02-10 19:41:17] $cat.cex
INFO [2017-02-10 19:41:17] [1] 1.2
INFO [2017-02-10 19:41:17] 
INFO [2017-02-10 19:41:17] $cat.fontface
INFO [2017-02-10 19:41:17] [1] "bold"
INFO [2017-02-10 19:41:17] 
INFO [2017-02-10 19:41:17] $main.fontface
INFO [2017-02-10 19:41:17] [1] "bold"
INFO [2017-02-10 19:41:17] 
INFO [2017-02-10 19:41:17] $cat.pos
INFO [2017-02-10 19:41:17] c(-27, 27)
INFO [2017-02-10 19:41:17] 
INFO [2017-02-10 19:41:17] $cat.dist
INFO [2017-02-10 19:41:17] c(0.055, 0.055)
INFO [2017-02-10 19:41:17] 
INFO [2017-02-10 19:41:17] $cat.fontfamily
INFO [2017-02-10 19:41:17] [1] "sans"
INFO [2017-02-10 19:41:17] 
INFO [2017-02-10 19:41:17] $main.fontfamily
INFO [2017-02-10 19:41:17] [1] "sans"
INFO [2017-02-10 19:41:17] 
INFO [2017-02-10 19:41:17] [[25]]
INFO [2017-02-10 19:41:17] 
INFO [2017-02-10 19:41:17] 
