INFO [2017-02-10 14:26:05] $main
INFO [2017-02-10 14:26:05] title
INFO [2017-02-10 14:26:05] 
INFO [2017-02-10 14:26:05] $max.cex
INFO [2017-02-10 14:26:05] [1] 2
INFO [2017-02-10 14:26:05] 
INFO [2017-02-10 14:26:05] $x
INFO [2017-02-10 14:26:05] list(set1, set2)
INFO [2017-02-10 14:26:05] 
INFO [2017-02-10 14:26:05] $category.names
INFO [2017-02-10 14:26:05] c("Kidney", "Heart")
INFO [2017-02-10 14:26:05] 
INFO [2017-02-10 14:26:05] $output
INFO [2017-02-10 14:26:05] [1] TRUE
INFO [2017-02-10 14:26:05] 
INFO [2017-02-10 14:26:05] $filename
INFO [2017-02-10 14:26:05] NULL
INFO [2017-02-10 14:26:05] 
INFO [2017-02-10 14:26:05] $imagetype
INFO [2017-02-10 14:26:05] [1] "png"
INFO [2017-02-10 14:26:05] 
INFO [2017-02-10 14:26:05] $height
INFO [2017-02-10 14:26:05] [1] 480
INFO [2017-02-10 14:26:05] 
INFO [2017-02-10 14:26:05] $width
INFO [2017-02-10 14:26:05] [1] 480
INFO [2017-02-10 14:26:05] 
INFO [2017-02-10 14:26:05] $resolution
INFO [2017-02-10 14:26:05] [1] 300
INFO [2017-02-10 14:26:05] 
INFO [2017-02-10 14:26:05] $compression
INFO [2017-02-10 14:26:05] [1] "lzw"
INFO [2017-02-10 14:26:05] 
INFO [2017-02-10 14:26:05] $lwd
INFO [2017-02-10 14:26:05] [1] 2
INFO [2017-02-10 14:26:05] 
INFO [2017-02-10 14:26:05] $lty
INFO [2017-02-10 14:26:05] [1] "blank"
INFO [2017-02-10 14:26:05] 
INFO [2017-02-10 14:26:05] $fill
INFO [2017-02-10 14:26:05] c("yellow", "green")
INFO [2017-02-10 14:26:05] 
INFO [2017-02-10 14:26:05] $cex
INFO [2017-02-10 14:26:05] [1] 1
INFO [2017-02-10 14:26:05] 
INFO [2017-02-10 14:26:05] $fontface
INFO [2017-02-10 14:26:05] [1] "bold"
INFO [2017-02-10 14:26:05] 
INFO [2017-02-10 14:26:05] $fontfamily
INFO [2017-02-10 14:26:05] [1] "sans"
INFO [2017-02-10 14:26:05] 
INFO [2017-02-10 14:26:05] $cat.cex
INFO [2017-02-10 14:26:05] [1] 1.2
INFO [2017-02-10 14:26:05] 
INFO [2017-02-10 14:26:05] $cat.fontface
INFO [2017-02-10 14:26:05] [1] "bold"
INFO [2017-02-10 14:26:05] 
INFO [2017-02-10 14:26:05] $cat.pos
INFO [2017-02-10 14:26:05] c(-27, 27)
INFO [2017-02-10 14:26:05] 
INFO [2017-02-10 14:26:05] $cat.dist
INFO [2017-02-10 14:26:05] c(0.055, 0.055)
INFO [2017-02-10 14:26:05] 
INFO [2017-02-10 14:26:05] $cat.fontfamily
INFO [2017-02-10 14:26:05] [1] "sans"
INFO [2017-02-10 14:26:05] 
INFO [2017-02-10 14:26:05] [[23]]
INFO [2017-02-10 14:26:05] 
INFO [2017-02-10 14:26:05] 
