INFO [2017-02-10 14:44:41] $main
INFO [2017-02-10 14:44:41] title
INFO [2017-02-10 14:44:41] 
INFO [2017-02-10 14:44:41] $main.cex
INFO [2017-02-10 14:44:41] sqrt(2)
INFO [2017-02-10 14:44:41] 
INFO [2017-02-10 14:44:41] $x
INFO [2017-02-10 14:44:41] list(set.kidney, set.heart)
INFO [2017-02-10 14:44:41] 
INFO [2017-02-10 14:44:41] $category.names
INFO [2017-02-10 14:44:41] c("Kidney", "Heart")
INFO [2017-02-10 14:44:41] 
INFO [2017-02-10 14:44:41] $output
INFO [2017-02-10 14:44:41] [1] TRUE
INFO [2017-02-10 14:44:41] 
INFO [2017-02-10 14:44:41] $filename
INFO [2017-02-10 14:44:41] NULL
INFO [2017-02-10 14:44:41] 
INFO [2017-02-10 14:44:41] $imagetype
INFO [2017-02-10 14:44:41] [1] "png"
INFO [2017-02-10 14:44:41] 
INFO [2017-02-10 14:44:41] $height
INFO [2017-02-10 14:44:41] [1] 480
INFO [2017-02-10 14:44:41] 
INFO [2017-02-10 14:44:41] $width
INFO [2017-02-10 14:44:41] [1] 480
INFO [2017-02-10 14:44:41] 
INFO [2017-02-10 14:44:41] $resolution
INFO [2017-02-10 14:44:41] [1] 300
INFO [2017-02-10 14:44:41] 
INFO [2017-02-10 14:44:41] $compression
INFO [2017-02-10 14:44:41] [1] "lzw"
INFO [2017-02-10 14:44:41] 
INFO [2017-02-10 14:44:41] $lwd
INFO [2017-02-10 14:44:41] [1] 2
INFO [2017-02-10 14:44:41] 
INFO [2017-02-10 14:44:41] $lty
INFO [2017-02-10 14:44:41] [1] "blank"
INFO [2017-02-10 14:44:41] 
INFO [2017-02-10 14:44:41] $fill
INFO [2017-02-10 14:44:41] c("yellow", "green")
INFO [2017-02-10 14:44:41] 
INFO [2017-02-10 14:44:41] $cex
INFO [2017-02-10 14:44:41] [1] 1
INFO [2017-02-10 14:44:41] 
INFO [2017-02-10 14:44:41] $fontface
INFO [2017-02-10 14:44:41] [1] "bold"
INFO [2017-02-10 14:44:41] 
INFO [2017-02-10 14:44:41] $fontfamily
INFO [2017-02-10 14:44:41] [1] "sans"
INFO [2017-02-10 14:44:41] 
INFO [2017-02-10 14:44:41] $cat.cex
INFO [2017-02-10 14:44:41] [1] 1.2
INFO [2017-02-10 14:44:41] 
INFO [2017-02-10 14:44:41] $cat.fontface
INFO [2017-02-10 14:44:41] [1] "bold"
INFO [2017-02-10 14:44:41] 
INFO [2017-02-10 14:44:41] $main.fontface
INFO [2017-02-10 14:44:41] [1] "bold"
INFO [2017-02-10 14:44:41] 
INFO [2017-02-10 14:44:41] $cat.pos
INFO [2017-02-10 14:44:41] c(-27, 27)
INFO [2017-02-10 14:44:41] 
INFO [2017-02-10 14:44:41] $cat.dist
INFO [2017-02-10 14:44:41] c(0.055, 0.055)
INFO [2017-02-10 14:44:41] 
INFO [2017-02-10 14:44:41] $cat.fontfamily
INFO [2017-02-10 14:44:41] [1] "sans"
INFO [2017-02-10 14:44:41] 
INFO [2017-02-10 14:44:41] $main.fontfamily
INFO [2017-02-10 14:44:41] [1] "sans"
INFO [2017-02-10 14:44:41] 
INFO [2017-02-10 14:44:41] [[25]]
INFO [2017-02-10 14:44:41] 
INFO [2017-02-10 14:44:41] 
