INFO [2017-02-10 19:28:51] $main
INFO [2017-02-10 19:28:51] title
INFO [2017-02-10 19:28:51] 
INFO [2017-02-10 19:28:51] $main.cex
INFO [2017-02-10 19:28:51] sqrt(2)
INFO [2017-02-10 19:28:51] 
INFO [2017-02-10 19:28:51] $x
INFO [2017-02-10 19:28:51] list(set.kidney, set.heart)
INFO [2017-02-10 19:28:51] 
INFO [2017-02-10 19:28:51] $category.names
INFO [2017-02-10 19:28:51] c("Kidney", "Heart")
INFO [2017-02-10 19:28:51] 
INFO [2017-02-10 19:28:51] $output
INFO [2017-02-10 19:28:51] [1] TRUE
INFO [2017-02-10 19:28:51] 
INFO [2017-02-10 19:28:51] $filename
INFO [2017-02-10 19:28:51] NULL
INFO [2017-02-10 19:28:51] 
INFO [2017-02-10 19:28:51] $imagetype
INFO [2017-02-10 19:28:51] [1] "png"
INFO [2017-02-10 19:28:51] 
INFO [2017-02-10 19:28:51] $height
INFO [2017-02-10 19:28:51] [1] 480
INFO [2017-02-10 19:28:51] 
INFO [2017-02-10 19:28:51] $width
INFO [2017-02-10 19:28:51] [1] 480
INFO [2017-02-10 19:28:51] 
INFO [2017-02-10 19:28:51] $resolution
INFO [2017-02-10 19:28:51] [1] 300
INFO [2017-02-10 19:28:51] 
INFO [2017-02-10 19:28:51] $compression
INFO [2017-02-10 19:28:51] [1] "lzw"
INFO [2017-02-10 19:28:51] 
INFO [2017-02-10 19:28:51] $lwd
INFO [2017-02-10 19:28:51] [1] 2
INFO [2017-02-10 19:28:51] 
INFO [2017-02-10 19:28:51] $lty
INFO [2017-02-10 19:28:51] [1] "blank"
INFO [2017-02-10 19:28:51] 
INFO [2017-02-10 19:28:51] $fill
INFO [2017-02-10 19:28:51] c("yellow", "green")
INFO [2017-02-10 19:28:51] 
INFO [2017-02-10 19:28:51] $cex
INFO [2017-02-10 19:28:51] [1] 1
INFO [2017-02-10 19:28:51] 
INFO [2017-02-10 19:28:51] $fontface
INFO [2017-02-10 19:28:51] [1] "bold"
INFO [2017-02-10 19:28:51] 
INFO [2017-02-10 19:28:51] $fontfamily
INFO [2017-02-10 19:28:51] [1] "sans"
INFO [2017-02-10 19:28:51] 
INFO [2017-02-10 19:28:51] $cat.cex
INFO [2017-02-10 19:28:51] [1] 1.2
INFO [2017-02-10 19:28:51] 
INFO [2017-02-10 19:28:51] $cat.fontface
INFO [2017-02-10 19:28:51] [1] "bold"
INFO [2017-02-10 19:28:51] 
INFO [2017-02-10 19:28:51] $main.fontface
INFO [2017-02-10 19:28:51] [1] "bold"
INFO [2017-02-10 19:28:51] 
INFO [2017-02-10 19:28:51] $cat.pos
INFO [2017-02-10 19:28:51] c(-27, 27)
INFO [2017-02-10 19:28:51] 
INFO [2017-02-10 19:28:51] $cat.dist
INFO [2017-02-10 19:28:51] c(0.055, 0.055)
INFO [2017-02-10 19:28:51] 
INFO [2017-02-10 19:28:51] $cat.fontfamily
INFO [2017-02-10 19:28:51] [1] "sans"
INFO [2017-02-10 19:28:51] 
INFO [2017-02-10 19:28:51] $main.fontfamily
INFO [2017-02-10 19:28:51] [1] "sans"
INFO [2017-02-10 19:28:51] 
INFO [2017-02-10 19:28:51] [[25]]
INFO [2017-02-10 19:28:51] 
INFO [2017-02-10 19:28:51] 
