INFO [2017-02-10 19:50:44] $main
INFO [2017-02-10 19:50:44] title
INFO [2017-02-10 19:50:44] 
INFO [2017-02-10 19:50:44] $main.cex
INFO [2017-02-10 19:50:44] sqrt(2)
INFO [2017-02-10 19:50:44] 
INFO [2017-02-10 19:50:44] $x
INFO [2017-02-10 19:50:44] list(set.kidney, set.heart)
INFO [2017-02-10 19:50:44] 
INFO [2017-02-10 19:50:44] $category.names
INFO [2017-02-10 19:50:44] c("Kidney", "Heart")
INFO [2017-02-10 19:50:44] 
INFO [2017-02-10 19:50:44] $output
INFO [2017-02-10 19:50:44] [1] TRUE
INFO [2017-02-10 19:50:44] 
INFO [2017-02-10 19:50:44] $filename
INFO [2017-02-10 19:50:44] NULL
INFO [2017-02-10 19:50:44] 
INFO [2017-02-10 19:50:44] $imagetype
INFO [2017-02-10 19:50:44] [1] "png"
INFO [2017-02-10 19:50:44] 
INFO [2017-02-10 19:50:44] $height
INFO [2017-02-10 19:50:44] [1] 480
INFO [2017-02-10 19:50:44] 
INFO [2017-02-10 19:50:44] $width
INFO [2017-02-10 19:50:44] [1] 480
INFO [2017-02-10 19:50:44] 
INFO [2017-02-10 19:50:44] $resolution
INFO [2017-02-10 19:50:44] [1] 300
INFO [2017-02-10 19:50:44] 
INFO [2017-02-10 19:50:44] $compression
INFO [2017-02-10 19:50:44] [1] "lzw"
INFO [2017-02-10 19:50:44] 
INFO [2017-02-10 19:50:44] $lwd
INFO [2017-02-10 19:50:44] [1] 2
INFO [2017-02-10 19:50:44] 
INFO [2017-02-10 19:50:44] $lty
INFO [2017-02-10 19:50:44] [1] "blank"
INFO [2017-02-10 19:50:44] 
INFO [2017-02-10 19:50:44] $fill
INFO [2017-02-10 19:50:44] c("yellow", "green")
INFO [2017-02-10 19:50:44] 
INFO [2017-02-10 19:50:44] $cex
INFO [2017-02-10 19:50:44] [1] 1
INFO [2017-02-10 19:50:44] 
INFO [2017-02-10 19:50:44] $fontface
INFO [2017-02-10 19:50:44] [1] "bold"
INFO [2017-02-10 19:50:44] 
INFO [2017-02-10 19:50:44] $fontfamily
INFO [2017-02-10 19:50:44] [1] "sans"
INFO [2017-02-10 19:50:44] 
INFO [2017-02-10 19:50:44] $cat.cex
INFO [2017-02-10 19:50:44] [1] 1.2
INFO [2017-02-10 19:50:44] 
INFO [2017-02-10 19:50:44] $cat.fontface
INFO [2017-02-10 19:50:44] [1] "bold"
INFO [2017-02-10 19:50:44] 
INFO [2017-02-10 19:50:44] $main.fontface
INFO [2017-02-10 19:50:44] [1] "bold"
INFO [2017-02-10 19:50:44] 
INFO [2017-02-10 19:50:44] $cat.pos
INFO [2017-02-10 19:50:44] c(-27, 27)
INFO [2017-02-10 19:50:44] 
INFO [2017-02-10 19:50:44] $cat.dist
INFO [2017-02-10 19:50:44] c(0.055, 0.055)
INFO [2017-02-10 19:50:44] 
INFO [2017-02-10 19:50:44] $cat.fontfamily
INFO [2017-02-10 19:50:44] [1] "sans"
INFO [2017-02-10 19:50:44] 
INFO [2017-02-10 19:50:44] $main.fontfamily
INFO [2017-02-10 19:50:44] [1] "sans"
INFO [2017-02-10 19:50:44] 
INFO [2017-02-10 19:50:44] [[25]]
INFO [2017-02-10 19:50:44] 
INFO [2017-02-10 19:50:44] 
