INFO [2017-02-10 18:56:29] $main
INFO [2017-02-10 18:56:29] title
INFO [2017-02-10 18:56:29] 
INFO [2017-02-10 18:56:29] $main.cex
INFO [2017-02-10 18:56:29] sqrt(2)
INFO [2017-02-10 18:56:29] 
INFO [2017-02-10 18:56:29] $x
INFO [2017-02-10 18:56:29] list(set.kidney, set.heart)
INFO [2017-02-10 18:56:29] 
INFO [2017-02-10 18:56:29] $category.names
INFO [2017-02-10 18:56:29] c("Kidney", "Heart")
INFO [2017-02-10 18:56:29] 
INFO [2017-02-10 18:56:29] $output
INFO [2017-02-10 18:56:29] [1] TRUE
INFO [2017-02-10 18:56:29] 
INFO [2017-02-10 18:56:29] $filename
INFO [2017-02-10 18:56:29] NULL
INFO [2017-02-10 18:56:29] 
INFO [2017-02-10 18:56:29] $imagetype
INFO [2017-02-10 18:56:29] [1] "png"
INFO [2017-02-10 18:56:29] 
INFO [2017-02-10 18:56:29] $height
INFO [2017-02-10 18:56:29] [1] 480
INFO [2017-02-10 18:56:29] 
INFO [2017-02-10 18:56:29] $width
INFO [2017-02-10 18:56:29] [1] 480
INFO [2017-02-10 18:56:29] 
INFO [2017-02-10 18:56:29] $resolution
INFO [2017-02-10 18:56:29] [1] 300
INFO [2017-02-10 18:56:29] 
INFO [2017-02-10 18:56:29] $compression
INFO [2017-02-10 18:56:29] [1] "lzw"
INFO [2017-02-10 18:56:29] 
INFO [2017-02-10 18:56:29] $lwd
INFO [2017-02-10 18:56:29] [1] 2
INFO [2017-02-10 18:56:29] 
INFO [2017-02-10 18:56:29] $lty
INFO [2017-02-10 18:56:29] [1] "blank"
INFO [2017-02-10 18:56:29] 
INFO [2017-02-10 18:56:29] $fill
INFO [2017-02-10 18:56:29] c("yellow", "green")
INFO [2017-02-10 18:56:29] 
INFO [2017-02-10 18:56:29] $cex
INFO [2017-02-10 18:56:29] [1] 1
INFO [2017-02-10 18:56:29] 
INFO [2017-02-10 18:56:29] $fontface
INFO [2017-02-10 18:56:29] [1] "bold"
INFO [2017-02-10 18:56:29] 
INFO [2017-02-10 18:56:29] $fontfamily
INFO [2017-02-10 18:56:29] [1] "sans"
INFO [2017-02-10 18:56:29] 
INFO [2017-02-10 18:56:29] $cat.cex
INFO [2017-02-10 18:56:29] [1] 1.2
INFO [2017-02-10 18:56:29] 
INFO [2017-02-10 18:56:29] $cat.fontface
INFO [2017-02-10 18:56:29] [1] "bold"
INFO [2017-02-10 18:56:29] 
INFO [2017-02-10 18:56:29] $main.fontface
INFO [2017-02-10 18:56:29] [1] "bold"
INFO [2017-02-10 18:56:29] 
INFO [2017-02-10 18:56:29] $cat.pos
INFO [2017-02-10 18:56:29] c(-27, 27)
INFO [2017-02-10 18:56:29] 
INFO [2017-02-10 18:56:29] $cat.dist
INFO [2017-02-10 18:56:29] c(0.055, 0.055)
INFO [2017-02-10 18:56:29] 
INFO [2017-02-10 18:56:29] $cat.fontfamily
INFO [2017-02-10 18:56:29] [1] "sans"
INFO [2017-02-10 18:56:29] 
INFO [2017-02-10 18:56:29] $main.fontfamily
INFO [2017-02-10 18:56:29] [1] "sans"
INFO [2017-02-10 18:56:29] 
INFO [2017-02-10 18:56:29] [[25]]
INFO [2017-02-10 18:56:29] 
INFO [2017-02-10 18:56:29] 
