INFO [2017-02-10 19:35:52] $main
INFO [2017-02-10 19:35:52] title
INFO [2017-02-10 19:35:52] 
INFO [2017-02-10 19:35:52] $main.cex
INFO [2017-02-10 19:35:52] sqrt(2)
INFO [2017-02-10 19:35:52] 
INFO [2017-02-10 19:35:52] $x
INFO [2017-02-10 19:35:52] list(set.kidney, set.heart)
INFO [2017-02-10 19:35:52] 
INFO [2017-02-10 19:35:52] $category.names
INFO [2017-02-10 19:35:52] c("Kidney", "Heart")
INFO [2017-02-10 19:35:52] 
INFO [2017-02-10 19:35:52] $output
INFO [2017-02-10 19:35:52] [1] TRUE
INFO [2017-02-10 19:35:52] 
INFO [2017-02-10 19:35:52] $filename
INFO [2017-02-10 19:35:52] NULL
INFO [2017-02-10 19:35:52] 
INFO [2017-02-10 19:35:52] $imagetype
INFO [2017-02-10 19:35:52] [1] "png"
INFO [2017-02-10 19:35:52] 
INFO [2017-02-10 19:35:52] $height
INFO [2017-02-10 19:35:52] [1] 480
INFO [2017-02-10 19:35:52] 
INFO [2017-02-10 19:35:52] $width
INFO [2017-02-10 19:35:52] [1] 480
INFO [2017-02-10 19:35:52] 
INFO [2017-02-10 19:35:52] $resolution
INFO [2017-02-10 19:35:52] [1] 300
INFO [2017-02-10 19:35:52] 
INFO [2017-02-10 19:35:52] $compression
INFO [2017-02-10 19:35:52] [1] "lzw"
INFO [2017-02-10 19:35:52] 
INFO [2017-02-10 19:35:52] $lwd
INFO [2017-02-10 19:35:52] [1] 2
INFO [2017-02-10 19:35:52] 
INFO [2017-02-10 19:35:52] $lty
INFO [2017-02-10 19:35:52] [1] "blank"
INFO [2017-02-10 19:35:52] 
INFO [2017-02-10 19:35:52] $fill
INFO [2017-02-10 19:35:52] c("yellow", "green")
INFO [2017-02-10 19:35:52] 
INFO [2017-02-10 19:35:52] $cex
INFO [2017-02-10 19:35:52] [1] 1
INFO [2017-02-10 19:35:52] 
INFO [2017-02-10 19:35:52] $fontface
INFO [2017-02-10 19:35:52] [1] "bold"
INFO [2017-02-10 19:35:52] 
INFO [2017-02-10 19:35:52] $fontfamily
INFO [2017-02-10 19:35:52] [1] "sans"
INFO [2017-02-10 19:35:52] 
INFO [2017-02-10 19:35:52] $cat.cex
INFO [2017-02-10 19:35:52] [1] 1.2
INFO [2017-02-10 19:35:52] 
INFO [2017-02-10 19:35:52] $cat.fontface
INFO [2017-02-10 19:35:52] [1] "bold"
INFO [2017-02-10 19:35:52] 
INFO [2017-02-10 19:35:52] $main.fontface
INFO [2017-02-10 19:35:52] [1] "bold"
INFO [2017-02-10 19:35:52] 
INFO [2017-02-10 19:35:52] $cat.pos
INFO [2017-02-10 19:35:52] c(-27, 27)
INFO [2017-02-10 19:35:52] 
INFO [2017-02-10 19:35:52] $cat.dist
INFO [2017-02-10 19:35:52] c(0.055, 0.055)
INFO [2017-02-10 19:35:52] 
INFO [2017-02-10 19:35:52] $cat.fontfamily
INFO [2017-02-10 19:35:52] [1] "sans"
INFO [2017-02-10 19:35:52] 
INFO [2017-02-10 19:35:52] $main.fontfamily
INFO [2017-02-10 19:35:52] [1] "sans"
INFO [2017-02-10 19:35:52] 
INFO [2017-02-10 19:35:52] [[25]]
INFO [2017-02-10 19:35:52] 
INFO [2017-02-10 19:35:52] 
