INFO [2017-02-10 19:29:47] $main
INFO [2017-02-10 19:29:47] title
INFO [2017-02-10 19:29:47] 
INFO [2017-02-10 19:29:47] $main.cex
INFO [2017-02-10 19:29:47] sqrt(2)
INFO [2017-02-10 19:29:47] 
INFO [2017-02-10 19:29:47] $x
INFO [2017-02-10 19:29:47] list(set.kidney, set.heart)
INFO [2017-02-10 19:29:47] 
INFO [2017-02-10 19:29:47] $category.names
INFO [2017-02-10 19:29:47] c("Kidney", "Heart")
INFO [2017-02-10 19:29:47] 
INFO [2017-02-10 19:29:47] $output
INFO [2017-02-10 19:29:47] [1] TRUE
INFO [2017-02-10 19:29:47] 
INFO [2017-02-10 19:29:47] $filename
INFO [2017-02-10 19:29:47] NULL
INFO [2017-02-10 19:29:47] 
INFO [2017-02-10 19:29:47] $imagetype
INFO [2017-02-10 19:29:47] [1] "png"
INFO [2017-02-10 19:29:47] 
INFO [2017-02-10 19:29:47] $height
INFO [2017-02-10 19:29:47] [1] 480
INFO [2017-02-10 19:29:47] 
INFO [2017-02-10 19:29:47] $width
INFO [2017-02-10 19:29:47] [1] 480
INFO [2017-02-10 19:29:47] 
INFO [2017-02-10 19:29:47] $resolution
INFO [2017-02-10 19:29:47] [1] 300
INFO [2017-02-10 19:29:47] 
INFO [2017-02-10 19:29:47] $compression
INFO [2017-02-10 19:29:47] [1] "lzw"
INFO [2017-02-10 19:29:47] 
INFO [2017-02-10 19:29:47] $lwd
INFO [2017-02-10 19:29:47] [1] 2
INFO [2017-02-10 19:29:47] 
INFO [2017-02-10 19:29:47] $lty
INFO [2017-02-10 19:29:47] [1] "blank"
INFO [2017-02-10 19:29:47] 
INFO [2017-02-10 19:29:47] $fill
INFO [2017-02-10 19:29:47] c("yellow", "green")
INFO [2017-02-10 19:29:47] 
INFO [2017-02-10 19:29:47] $cex
INFO [2017-02-10 19:29:47] [1] 1
INFO [2017-02-10 19:29:47] 
INFO [2017-02-10 19:29:47] $fontface
INFO [2017-02-10 19:29:47] [1] "bold"
INFO [2017-02-10 19:29:47] 
INFO [2017-02-10 19:29:47] $fontfamily
INFO [2017-02-10 19:29:47] [1] "sans"
INFO [2017-02-10 19:29:47] 
INFO [2017-02-10 19:29:47] $cat.cex
INFO [2017-02-10 19:29:47] [1] 1.2
INFO [2017-02-10 19:29:47] 
INFO [2017-02-10 19:29:47] $cat.fontface
INFO [2017-02-10 19:29:47] [1] "bold"
INFO [2017-02-10 19:29:47] 
INFO [2017-02-10 19:29:47] $main.fontface
INFO [2017-02-10 19:29:47] [1] "bold"
INFO [2017-02-10 19:29:47] 
INFO [2017-02-10 19:29:47] $cat.pos
INFO [2017-02-10 19:29:47] c(-27, 27)
INFO [2017-02-10 19:29:47] 
INFO [2017-02-10 19:29:47] $cat.dist
INFO [2017-02-10 19:29:47] c(0.055, 0.055)
INFO [2017-02-10 19:29:47] 
INFO [2017-02-10 19:29:47] $cat.fontfamily
INFO [2017-02-10 19:29:47] [1] "sans"
INFO [2017-02-10 19:29:47] 
INFO [2017-02-10 19:29:47] $main.fontfamily
INFO [2017-02-10 19:29:47] [1] "sans"
INFO [2017-02-10 19:29:47] 
INFO [2017-02-10 19:29:47] [[25]]
INFO [2017-02-10 19:29:47] 
INFO [2017-02-10 19:29:47] 
