INFO [2017-02-10 19:50:43] $main
INFO [2017-02-10 19:50:43] title
INFO [2017-02-10 19:50:43] 
INFO [2017-02-10 19:50:43] $main.cex
INFO [2017-02-10 19:50:43] sqrt(2)
INFO [2017-02-10 19:50:43] 
INFO [2017-02-10 19:50:43] $x
INFO [2017-02-10 19:50:43] list(set.kidney, set.heart)
INFO [2017-02-10 19:50:43] 
INFO [2017-02-10 19:50:43] $category.names
INFO [2017-02-10 19:50:43] c("Kidney", "Heart")
INFO [2017-02-10 19:50:43] 
INFO [2017-02-10 19:50:43] $output
INFO [2017-02-10 19:50:43] [1] TRUE
INFO [2017-02-10 19:50:43] 
INFO [2017-02-10 19:50:43] $filename
INFO [2017-02-10 19:50:43] NULL
INFO [2017-02-10 19:50:43] 
INFO [2017-02-10 19:50:43] $imagetype
INFO [2017-02-10 19:50:43] [1] "png"
INFO [2017-02-10 19:50:43] 
INFO [2017-02-10 19:50:43] $height
INFO [2017-02-10 19:50:43] [1] 480
INFO [2017-02-10 19:50:43] 
INFO [2017-02-10 19:50:43] $width
INFO [2017-02-10 19:50:43] [1] 480
INFO [2017-02-10 19:50:43] 
INFO [2017-02-10 19:50:43] $resolution
INFO [2017-02-10 19:50:43] [1] 300
INFO [2017-02-10 19:50:43] 
INFO [2017-02-10 19:50:43] $compression
INFO [2017-02-10 19:50:43] [1] "lzw"
INFO [2017-02-10 19:50:43] 
INFO [2017-02-10 19:50:43] $lwd
INFO [2017-02-10 19:50:43] [1] 2
INFO [2017-02-10 19:50:43] 
INFO [2017-02-10 19:50:43] $lty
INFO [2017-02-10 19:50:43] [1] "blank"
INFO [2017-02-10 19:50:43] 
INFO [2017-02-10 19:50:43] $fill
INFO [2017-02-10 19:50:43] c("yellow", "green")
INFO [2017-02-10 19:50:43] 
INFO [2017-02-10 19:50:43] $cex
INFO [2017-02-10 19:50:43] [1] 1
INFO [2017-02-10 19:50:43] 
INFO [2017-02-10 19:50:43] $fontface
INFO [2017-02-10 19:50:43] [1] "bold"
INFO [2017-02-10 19:50:43] 
INFO [2017-02-10 19:50:43] $fontfamily
INFO [2017-02-10 19:50:43] [1] "sans"
INFO [2017-02-10 19:50:43] 
INFO [2017-02-10 19:50:43] $cat.cex
INFO [2017-02-10 19:50:43] [1] 1.2
INFO [2017-02-10 19:50:43] 
INFO [2017-02-10 19:50:43] $cat.fontface
INFO [2017-02-10 19:50:43] [1] "bold"
INFO [2017-02-10 19:50:43] 
INFO [2017-02-10 19:50:43] $main.fontface
INFO [2017-02-10 19:50:43] [1] "bold"
INFO [2017-02-10 19:50:43] 
INFO [2017-02-10 19:50:43] $cat.pos
INFO [2017-02-10 19:50:43] c(-27, 27)
INFO [2017-02-10 19:50:43] 
INFO [2017-02-10 19:50:43] $cat.dist
INFO [2017-02-10 19:50:43] c(0.055, 0.055)
INFO [2017-02-10 19:50:43] 
INFO [2017-02-10 19:50:43] $cat.fontfamily
INFO [2017-02-10 19:50:43] [1] "sans"
INFO [2017-02-10 19:50:43] 
INFO [2017-02-10 19:50:43] $main.fontfamily
INFO [2017-02-10 19:50:43] [1] "sans"
INFO [2017-02-10 19:50:43] 
INFO [2017-02-10 19:50:43] [[25]]
INFO [2017-02-10 19:50:43] 
INFO [2017-02-10 19:50:43] 
