INFO [2017-02-10 19:38:24] $main
INFO [2017-02-10 19:38:24] title
INFO [2017-02-10 19:38:24] 
INFO [2017-02-10 19:38:24] $main.cex
INFO [2017-02-10 19:38:24] sqrt(2)
INFO [2017-02-10 19:38:24] 
INFO [2017-02-10 19:38:24] $x
INFO [2017-02-10 19:38:24] list(set.kidney, set.heart)
INFO [2017-02-10 19:38:24] 
INFO [2017-02-10 19:38:24] $category.names
INFO [2017-02-10 19:38:24] c("Kidney", "Heart")
INFO [2017-02-10 19:38:24] 
INFO [2017-02-10 19:38:24] $output
INFO [2017-02-10 19:38:24] [1] TRUE
INFO [2017-02-10 19:38:24] 
INFO [2017-02-10 19:38:24] $filename
INFO [2017-02-10 19:38:24] NULL
INFO [2017-02-10 19:38:24] 
INFO [2017-02-10 19:38:24] $imagetype
INFO [2017-02-10 19:38:24] [1] "png"
INFO [2017-02-10 19:38:24] 
INFO [2017-02-10 19:38:24] $height
INFO [2017-02-10 19:38:24] [1] 480
INFO [2017-02-10 19:38:24] 
INFO [2017-02-10 19:38:24] $width
INFO [2017-02-10 19:38:24] [1] 480
INFO [2017-02-10 19:38:24] 
INFO [2017-02-10 19:38:24] $resolution
INFO [2017-02-10 19:38:24] [1] 300
INFO [2017-02-10 19:38:24] 
INFO [2017-02-10 19:38:24] $compression
INFO [2017-02-10 19:38:24] [1] "lzw"
INFO [2017-02-10 19:38:24] 
INFO [2017-02-10 19:38:24] $lwd
INFO [2017-02-10 19:38:24] [1] 2
INFO [2017-02-10 19:38:24] 
INFO [2017-02-10 19:38:24] $lty
INFO [2017-02-10 19:38:24] [1] "blank"
INFO [2017-02-10 19:38:24] 
INFO [2017-02-10 19:38:24] $fill
INFO [2017-02-10 19:38:24] c("yellow", "green")
INFO [2017-02-10 19:38:24] 
INFO [2017-02-10 19:38:24] $cex
INFO [2017-02-10 19:38:24] [1] 1
INFO [2017-02-10 19:38:24] 
INFO [2017-02-10 19:38:24] $fontface
INFO [2017-02-10 19:38:24] [1] "bold"
INFO [2017-02-10 19:38:24] 
INFO [2017-02-10 19:38:24] $fontfamily
INFO [2017-02-10 19:38:24] [1] "sans"
INFO [2017-02-10 19:38:24] 
INFO [2017-02-10 19:38:24] $cat.cex
INFO [2017-02-10 19:38:24] [1] 1.2
INFO [2017-02-10 19:38:24] 
INFO [2017-02-10 19:38:24] $cat.fontface
INFO [2017-02-10 19:38:24] [1] "bold"
INFO [2017-02-10 19:38:24] 
INFO [2017-02-10 19:38:24] $main.fontface
INFO [2017-02-10 19:38:24] [1] "bold"
INFO [2017-02-10 19:38:24] 
INFO [2017-02-10 19:38:24] $cat.pos
INFO [2017-02-10 19:38:24] c(-27, 27)
INFO [2017-02-10 19:38:24] 
INFO [2017-02-10 19:38:24] $cat.dist
INFO [2017-02-10 19:38:24] c(0.055, 0.055)
INFO [2017-02-10 19:38:24] 
INFO [2017-02-10 19:38:24] $cat.fontfamily
INFO [2017-02-10 19:38:24] [1] "sans"
INFO [2017-02-10 19:38:24] 
INFO [2017-02-10 19:38:24] $main.fontfamily
INFO [2017-02-10 19:38:24] [1] "sans"
INFO [2017-02-10 19:38:24] 
INFO [2017-02-10 19:38:24] [[25]]
INFO [2017-02-10 19:38:24] 
INFO [2017-02-10 19:38:24] 
