INFO [2017-02-10 19:47:12] $main
INFO [2017-02-10 19:47:12] title
INFO [2017-02-10 19:47:12] 
INFO [2017-02-10 19:47:12] $main.cex
INFO [2017-02-10 19:47:12] sqrt(2)
INFO [2017-02-10 19:47:12] 
INFO [2017-02-10 19:47:12] $x
INFO [2017-02-10 19:47:12] list(set.kidney, set.heart)
INFO [2017-02-10 19:47:12] 
INFO [2017-02-10 19:47:12] $category.names
INFO [2017-02-10 19:47:12] c("Kidney", "Heart")
INFO [2017-02-10 19:47:12] 
INFO [2017-02-10 19:47:12] $output
INFO [2017-02-10 19:47:12] [1] TRUE
INFO [2017-02-10 19:47:12] 
INFO [2017-02-10 19:47:12] $filename
INFO [2017-02-10 19:47:12] NULL
INFO [2017-02-10 19:47:12] 
INFO [2017-02-10 19:47:12] $imagetype
INFO [2017-02-10 19:47:12] [1] "png"
INFO [2017-02-10 19:47:12] 
INFO [2017-02-10 19:47:12] $height
INFO [2017-02-10 19:47:12] [1] 480
INFO [2017-02-10 19:47:12] 
INFO [2017-02-10 19:47:12] $width
INFO [2017-02-10 19:47:12] [1] 480
INFO [2017-02-10 19:47:12] 
INFO [2017-02-10 19:47:12] $resolution
INFO [2017-02-10 19:47:12] [1] 300
INFO [2017-02-10 19:47:12] 
INFO [2017-02-10 19:47:12] $compression
INFO [2017-02-10 19:47:12] [1] "lzw"
INFO [2017-02-10 19:47:12] 
INFO [2017-02-10 19:47:12] $lwd
INFO [2017-02-10 19:47:12] [1] 2
INFO [2017-02-10 19:47:12] 
INFO [2017-02-10 19:47:12] $lty
INFO [2017-02-10 19:47:12] [1] "blank"
INFO [2017-02-10 19:47:12] 
INFO [2017-02-10 19:47:12] $fill
INFO [2017-02-10 19:47:12] c("yellow", "green")
INFO [2017-02-10 19:47:12] 
INFO [2017-02-10 19:47:12] $cex
INFO [2017-02-10 19:47:12] [1] 1
INFO [2017-02-10 19:47:12] 
INFO [2017-02-10 19:47:12] $fontface
INFO [2017-02-10 19:47:12] [1] "bold"
INFO [2017-02-10 19:47:12] 
INFO [2017-02-10 19:47:12] $fontfamily
INFO [2017-02-10 19:47:12] [1] "sans"
INFO [2017-02-10 19:47:12] 
INFO [2017-02-10 19:47:12] $cat.cex
INFO [2017-02-10 19:47:12] [1] 1.2
INFO [2017-02-10 19:47:12] 
INFO [2017-02-10 19:47:12] $cat.fontface
INFO [2017-02-10 19:47:12] [1] "bold"
INFO [2017-02-10 19:47:12] 
INFO [2017-02-10 19:47:12] $main.fontface
INFO [2017-02-10 19:47:12] [1] "bold"
INFO [2017-02-10 19:47:12] 
INFO [2017-02-10 19:47:12] $cat.pos
INFO [2017-02-10 19:47:12] c(-27, 27)
INFO [2017-02-10 19:47:12] 
INFO [2017-02-10 19:47:12] $cat.dist
INFO [2017-02-10 19:47:12] c(0.055, 0.055)
INFO [2017-02-10 19:47:12] 
INFO [2017-02-10 19:47:12] $cat.fontfamily
INFO [2017-02-10 19:47:12] [1] "sans"
INFO [2017-02-10 19:47:12] 
INFO [2017-02-10 19:47:12] $main.fontfamily
INFO [2017-02-10 19:47:12] [1] "sans"
INFO [2017-02-10 19:47:12] 
INFO [2017-02-10 19:47:12] [[25]]
INFO [2017-02-10 19:47:12] 
INFO [2017-02-10 19:47:12] 
