INFO [2017-02-10 19:12:58] $main
INFO [2017-02-10 19:12:58] title
INFO [2017-02-10 19:12:58] 
INFO [2017-02-10 19:12:58] $main.cex
INFO [2017-02-10 19:12:58] sqrt(2)
INFO [2017-02-10 19:12:58] 
INFO [2017-02-10 19:12:58] $x
INFO [2017-02-10 19:12:58] list(set.kidney, set.heart)
INFO [2017-02-10 19:12:58] 
INFO [2017-02-10 19:12:58] $category.names
INFO [2017-02-10 19:12:58] c("Kidney", "Heart")
INFO [2017-02-10 19:12:58] 
INFO [2017-02-10 19:12:58] $output
INFO [2017-02-10 19:12:58] [1] TRUE
INFO [2017-02-10 19:12:58] 
INFO [2017-02-10 19:12:58] $filename
INFO [2017-02-10 19:12:58] NULL
INFO [2017-02-10 19:12:58] 
INFO [2017-02-10 19:12:58] $imagetype
INFO [2017-02-10 19:12:58] [1] "png"
INFO [2017-02-10 19:12:58] 
INFO [2017-02-10 19:12:58] $height
INFO [2017-02-10 19:12:58] [1] 480
INFO [2017-02-10 19:12:58] 
INFO [2017-02-10 19:12:58] $width
INFO [2017-02-10 19:12:58] [1] 480
INFO [2017-02-10 19:12:58] 
INFO [2017-02-10 19:12:58] $resolution
INFO [2017-02-10 19:12:58] [1] 300
INFO [2017-02-10 19:12:58] 
INFO [2017-02-10 19:12:58] $compression
INFO [2017-02-10 19:12:58] [1] "lzw"
INFO [2017-02-10 19:12:58] 
INFO [2017-02-10 19:12:58] $lwd
INFO [2017-02-10 19:12:58] [1] 2
INFO [2017-02-10 19:12:58] 
INFO [2017-02-10 19:12:58] $lty
INFO [2017-02-10 19:12:58] [1] "blank"
INFO [2017-02-10 19:12:58] 
INFO [2017-02-10 19:12:58] $fill
INFO [2017-02-10 19:12:58] c("yellow", "green")
INFO [2017-02-10 19:12:58] 
INFO [2017-02-10 19:12:58] $cex
INFO [2017-02-10 19:12:58] [1] 1
INFO [2017-02-10 19:12:58] 
INFO [2017-02-10 19:12:58] $fontface
INFO [2017-02-10 19:12:58] [1] "bold"
INFO [2017-02-10 19:12:58] 
INFO [2017-02-10 19:12:58] $fontfamily
INFO [2017-02-10 19:12:58] [1] "sans"
INFO [2017-02-10 19:12:58] 
INFO [2017-02-10 19:12:58] $cat.cex
INFO [2017-02-10 19:12:58] [1] 1.2
INFO [2017-02-10 19:12:58] 
INFO [2017-02-10 19:12:58] $cat.fontface
INFO [2017-02-10 19:12:58] [1] "bold"
INFO [2017-02-10 19:12:58] 
INFO [2017-02-10 19:12:58] $main.fontface
INFO [2017-02-10 19:12:58] [1] "bold"
INFO [2017-02-10 19:12:58] 
INFO [2017-02-10 19:12:58] $cat.pos
INFO [2017-02-10 19:12:58] c(-27, 27)
INFO [2017-02-10 19:12:58] 
INFO [2017-02-10 19:12:58] $cat.dist
INFO [2017-02-10 19:12:58] c(0.055, 0.055)
INFO [2017-02-10 19:12:58] 
INFO [2017-02-10 19:12:58] $cat.fontfamily
INFO [2017-02-10 19:12:58] [1] "sans"
INFO [2017-02-10 19:12:58] 
INFO [2017-02-10 19:12:58] $main.fontfamily
INFO [2017-02-10 19:12:58] [1] "sans"
INFO [2017-02-10 19:12:58] 
INFO [2017-02-10 19:12:58] [[25]]
INFO [2017-02-10 19:12:58] 
INFO [2017-02-10 19:12:58] 
