INFO [2017-02-10 19:34:22] $main
INFO [2017-02-10 19:34:22] title
INFO [2017-02-10 19:34:22] 
INFO [2017-02-10 19:34:22] $main.cex
INFO [2017-02-10 19:34:22] sqrt(2)
INFO [2017-02-10 19:34:22] 
INFO [2017-02-10 19:34:22] $x
INFO [2017-02-10 19:34:22] list(set.kidney, set.heart)
INFO [2017-02-10 19:34:22] 
INFO [2017-02-10 19:34:22] $category.names
INFO [2017-02-10 19:34:22] c("Kidney", "Heart")
INFO [2017-02-10 19:34:22] 
INFO [2017-02-10 19:34:22] $output
INFO [2017-02-10 19:34:22] [1] TRUE
INFO [2017-02-10 19:34:22] 
INFO [2017-02-10 19:34:22] $filename
INFO [2017-02-10 19:34:22] NULL
INFO [2017-02-10 19:34:22] 
INFO [2017-02-10 19:34:22] $imagetype
INFO [2017-02-10 19:34:22] [1] "png"
INFO [2017-02-10 19:34:22] 
INFO [2017-02-10 19:34:22] $height
INFO [2017-02-10 19:34:22] [1] 480
INFO [2017-02-10 19:34:22] 
INFO [2017-02-10 19:34:22] $width
INFO [2017-02-10 19:34:22] [1] 480
INFO [2017-02-10 19:34:22] 
INFO [2017-02-10 19:34:22] $resolution
INFO [2017-02-10 19:34:22] [1] 300
INFO [2017-02-10 19:34:22] 
INFO [2017-02-10 19:34:22] $compression
INFO [2017-02-10 19:34:22] [1] "lzw"
INFO [2017-02-10 19:34:22] 
INFO [2017-02-10 19:34:22] $lwd
INFO [2017-02-10 19:34:22] [1] 2
INFO [2017-02-10 19:34:22] 
INFO [2017-02-10 19:34:22] $lty
INFO [2017-02-10 19:34:22] [1] "blank"
INFO [2017-02-10 19:34:22] 
INFO [2017-02-10 19:34:22] $fill
INFO [2017-02-10 19:34:22] c("yellow", "green")
INFO [2017-02-10 19:34:22] 
INFO [2017-02-10 19:34:22] $cex
INFO [2017-02-10 19:34:22] [1] 1
INFO [2017-02-10 19:34:22] 
INFO [2017-02-10 19:34:22] $fontface
INFO [2017-02-10 19:34:22] [1] "bold"
INFO [2017-02-10 19:34:22] 
INFO [2017-02-10 19:34:22] $fontfamily
INFO [2017-02-10 19:34:22] [1] "sans"
INFO [2017-02-10 19:34:22] 
INFO [2017-02-10 19:34:22] $cat.cex
INFO [2017-02-10 19:34:22] [1] 1.2
INFO [2017-02-10 19:34:22] 
INFO [2017-02-10 19:34:22] $cat.fontface
INFO [2017-02-10 19:34:22] [1] "bold"
INFO [2017-02-10 19:34:22] 
INFO [2017-02-10 19:34:22] $main.fontface
INFO [2017-02-10 19:34:22] [1] "bold"
INFO [2017-02-10 19:34:22] 
INFO [2017-02-10 19:34:22] $cat.pos
INFO [2017-02-10 19:34:22] c(-27, 27)
INFO [2017-02-10 19:34:22] 
INFO [2017-02-10 19:34:22] $cat.dist
INFO [2017-02-10 19:34:22] c(0.055, 0.055)
INFO [2017-02-10 19:34:22] 
INFO [2017-02-10 19:34:22] $cat.fontfamily
INFO [2017-02-10 19:34:22] [1] "sans"
INFO [2017-02-10 19:34:22] 
INFO [2017-02-10 19:34:22] $main.fontfamily
INFO [2017-02-10 19:34:22] [1] "sans"
INFO [2017-02-10 19:34:22] 
INFO [2017-02-10 19:34:22] [[25]]
INFO [2017-02-10 19:34:22] 
INFO [2017-02-10 19:34:22] 
