INFO [2017-02-10 19:50:42] $main
INFO [2017-02-10 19:50:42] title
INFO [2017-02-10 19:50:42] 
INFO [2017-02-10 19:50:42] $main.cex
INFO [2017-02-10 19:50:42] sqrt(2)
INFO [2017-02-10 19:50:42] 
INFO [2017-02-10 19:50:42] $x
INFO [2017-02-10 19:50:42] list(set.kidney, set.heart)
INFO [2017-02-10 19:50:42] 
INFO [2017-02-10 19:50:42] $category.names
INFO [2017-02-10 19:50:42] c("Kidney", "Heart")
INFO [2017-02-10 19:50:42] 
INFO [2017-02-10 19:50:42] $output
INFO [2017-02-10 19:50:42] [1] TRUE
INFO [2017-02-10 19:50:42] 
INFO [2017-02-10 19:50:42] $filename
INFO [2017-02-10 19:50:42] NULL
INFO [2017-02-10 19:50:42] 
INFO [2017-02-10 19:50:42] $imagetype
INFO [2017-02-10 19:50:42] [1] "png"
INFO [2017-02-10 19:50:42] 
INFO [2017-02-10 19:50:42] $height
INFO [2017-02-10 19:50:42] [1] 480
INFO [2017-02-10 19:50:42] 
INFO [2017-02-10 19:50:42] $width
INFO [2017-02-10 19:50:42] [1] 480
INFO [2017-02-10 19:50:42] 
INFO [2017-02-10 19:50:42] $resolution
INFO [2017-02-10 19:50:42] [1] 300
INFO [2017-02-10 19:50:42] 
INFO [2017-02-10 19:50:42] $compression
INFO [2017-02-10 19:50:42] [1] "lzw"
INFO [2017-02-10 19:50:42] 
INFO [2017-02-10 19:50:42] $lwd
INFO [2017-02-10 19:50:42] [1] 2
INFO [2017-02-10 19:50:42] 
INFO [2017-02-10 19:50:42] $lty
INFO [2017-02-10 19:50:42] [1] "blank"
INFO [2017-02-10 19:50:42] 
INFO [2017-02-10 19:50:42] $fill
INFO [2017-02-10 19:50:42] c("yellow", "green")
INFO [2017-02-10 19:50:42] 
INFO [2017-02-10 19:50:42] $cex
INFO [2017-02-10 19:50:42] [1] 1
INFO [2017-02-10 19:50:42] 
INFO [2017-02-10 19:50:42] $fontface
INFO [2017-02-10 19:50:42] [1] "bold"
INFO [2017-02-10 19:50:42] 
INFO [2017-02-10 19:50:42] $fontfamily
INFO [2017-02-10 19:50:42] [1] "sans"
INFO [2017-02-10 19:50:42] 
INFO [2017-02-10 19:50:42] $cat.cex
INFO [2017-02-10 19:50:42] [1] 1.2
INFO [2017-02-10 19:50:42] 
INFO [2017-02-10 19:50:42] $cat.fontface
INFO [2017-02-10 19:50:42] [1] "bold"
INFO [2017-02-10 19:50:42] 
INFO [2017-02-10 19:50:42] $main.fontface
INFO [2017-02-10 19:50:42] [1] "bold"
INFO [2017-02-10 19:50:42] 
INFO [2017-02-10 19:50:42] $cat.pos
INFO [2017-02-10 19:50:42] c(-27, 27)
INFO [2017-02-10 19:50:42] 
INFO [2017-02-10 19:50:42] $cat.dist
INFO [2017-02-10 19:50:42] c(0.055, 0.055)
INFO [2017-02-10 19:50:42] 
INFO [2017-02-10 19:50:42] $cat.fontfamily
INFO [2017-02-10 19:50:42] [1] "sans"
INFO [2017-02-10 19:50:42] 
INFO [2017-02-10 19:50:42] $main.fontfamily
INFO [2017-02-10 19:50:42] [1] "sans"
INFO [2017-02-10 19:50:42] 
INFO [2017-02-10 19:50:42] [[25]]
INFO [2017-02-10 19:50:42] 
INFO [2017-02-10 19:50:42] 
INFO [2017-02-10 19:50:42] $main
INFO [2017-02-10 19:50:42] title
INFO [2017-02-10 19:50:42] 
INFO [2017-02-10 19:50:42] $main.cex
INFO [2017-02-10 19:50:42] sqrt(2)
INFO [2017-02-10 19:50:42] 
INFO [2017-02-10 19:50:42] $x
INFO [2017-02-10 19:50:42] list(set.kidney, set.heart)
INFO [2017-02-10 19:50:42] 
INFO [2017-02-10 19:50:42] $category.names
INFO [2017-02-10 19:50:42] c("Kidney", "Heart")
INFO [2017-02-10 19:50:42] 
INFO [2017-02-10 19:50:42] $output
INFO [2017-02-10 19:50:42] [1] TRUE
INFO [2017-02-10 19:50:42] 
INFO [2017-02-10 19:50:42] $filename
INFO [2017-02-10 19:50:42] NULL
INFO [2017-02-10 19:50:42] 
INFO [2017-02-10 19:50:42] $imagetype
INFO [2017-02-10 19:50:42] [1] "png"
INFO [2017-02-10 19:50:42] 
INFO [2017-02-10 19:50:42] $height
INFO [2017-02-10 19:50:42] [1] 480
INFO [2017-02-10 19:50:42] 
INFO [2017-02-10 19:50:42] $width
INFO [2017-02-10 19:50:42] [1] 480
INFO [2017-02-10 19:50:42] 
INFO [2017-02-10 19:50:42] $resolution
INFO [2017-02-10 19:50:42] [1] 300
INFO [2017-02-10 19:50:42] 
INFO [2017-02-10 19:50:42] $compression
INFO [2017-02-10 19:50:42] [1] "lzw"
INFO [2017-02-10 19:50:42] 
INFO [2017-02-10 19:50:42] $lwd
INFO [2017-02-10 19:50:42] [1] 2
INFO [2017-02-10 19:50:42] 
INFO [2017-02-10 19:50:42] $lty
INFO [2017-02-10 19:50:42] [1] "blank"
INFO [2017-02-10 19:50:42] 
INFO [2017-02-10 19:50:42] $fill
INFO [2017-02-10 19:50:42] c("yellow", "green")
INFO [2017-02-10 19:50:42] 
INFO [2017-02-10 19:50:42] $cex
INFO [2017-02-10 19:50:42] [1] 1
INFO [2017-02-10 19:50:42] 
INFO [2017-02-10 19:50:42] $fontface
INFO [2017-02-10 19:50:42] [1] "bold"
INFO [2017-02-10 19:50:42] 
INFO [2017-02-10 19:50:42] $fontfamily
INFO [2017-02-10 19:50:42] [1] "sans"
INFO [2017-02-10 19:50:42] 
INFO [2017-02-10 19:50:42] $cat.cex
INFO [2017-02-10 19:50:42] [1] 1.2
INFO [2017-02-10 19:50:42] 
INFO [2017-02-10 19:50:42] $cat.fontface
INFO [2017-02-10 19:50:42] [1] "bold"
INFO [2017-02-10 19:50:42] 
INFO [2017-02-10 19:50:42] $main.fontface
INFO [2017-02-10 19:50:42] [1] "bold"
INFO [2017-02-10 19:50:42] 
INFO [2017-02-10 19:50:42] $cat.pos
INFO [2017-02-10 19:50:42] c(-27, 27)
INFO [2017-02-10 19:50:42] 
INFO [2017-02-10 19:50:42] $cat.dist
INFO [2017-02-10 19:50:42] c(0.055, 0.055)
INFO [2017-02-10 19:50:42] 
INFO [2017-02-10 19:50:42] $cat.fontfamily
INFO [2017-02-10 19:50:42] [1] "sans"
INFO [2017-02-10 19:50:42] 
INFO [2017-02-10 19:50:42] $main.fontfamily
INFO [2017-02-10 19:50:42] [1] "sans"
INFO [2017-02-10 19:50:42] 
INFO [2017-02-10 19:50:42] [[25]]
INFO [2017-02-10 19:50:42] 
INFO [2017-02-10 19:50:42] 
