INFO [2017-02-10 19:10:49] $main
INFO [2017-02-10 19:10:49] title
INFO [2017-02-10 19:10:49] 
INFO [2017-02-10 19:10:49] $main.cex
INFO [2017-02-10 19:10:49] sqrt(2)
INFO [2017-02-10 19:10:49] 
INFO [2017-02-10 19:10:49] $x
INFO [2017-02-10 19:10:49] list(set.kidney, set.heart)
INFO [2017-02-10 19:10:49] 
INFO [2017-02-10 19:10:49] $category.names
INFO [2017-02-10 19:10:49] c("Kidney", "Heart")
INFO [2017-02-10 19:10:49] 
INFO [2017-02-10 19:10:49] $output
INFO [2017-02-10 19:10:49] [1] TRUE
INFO [2017-02-10 19:10:49] 
INFO [2017-02-10 19:10:49] $filename
INFO [2017-02-10 19:10:49] NULL
INFO [2017-02-10 19:10:49] 
INFO [2017-02-10 19:10:49] $imagetype
INFO [2017-02-10 19:10:49] [1] "png"
INFO [2017-02-10 19:10:49] 
INFO [2017-02-10 19:10:49] $height
INFO [2017-02-10 19:10:49] [1] 480
INFO [2017-02-10 19:10:49] 
INFO [2017-02-10 19:10:49] $width
INFO [2017-02-10 19:10:49] [1] 480
INFO [2017-02-10 19:10:49] 
INFO [2017-02-10 19:10:49] $resolution
INFO [2017-02-10 19:10:49] [1] 300
INFO [2017-02-10 19:10:49] 
INFO [2017-02-10 19:10:49] $compression
INFO [2017-02-10 19:10:49] [1] "lzw"
INFO [2017-02-10 19:10:49] 
INFO [2017-02-10 19:10:49] $lwd
INFO [2017-02-10 19:10:49] [1] 2
INFO [2017-02-10 19:10:49] 
INFO [2017-02-10 19:10:49] $lty
INFO [2017-02-10 19:10:49] [1] "blank"
INFO [2017-02-10 19:10:49] 
INFO [2017-02-10 19:10:49] $fill
INFO [2017-02-10 19:10:49] c("yellow", "green")
INFO [2017-02-10 19:10:49] 
INFO [2017-02-10 19:10:49] $cex
INFO [2017-02-10 19:10:49] [1] 1
INFO [2017-02-10 19:10:49] 
INFO [2017-02-10 19:10:49] $fontface
INFO [2017-02-10 19:10:49] [1] "bold"
INFO [2017-02-10 19:10:49] 
INFO [2017-02-10 19:10:49] $fontfamily
INFO [2017-02-10 19:10:49] [1] "sans"
INFO [2017-02-10 19:10:49] 
INFO [2017-02-10 19:10:49] $cat.cex
INFO [2017-02-10 19:10:49] [1] 1.2
INFO [2017-02-10 19:10:49] 
INFO [2017-02-10 19:10:49] $cat.fontface
INFO [2017-02-10 19:10:49] [1] "bold"
INFO [2017-02-10 19:10:49] 
INFO [2017-02-10 19:10:49] $main.fontface
INFO [2017-02-10 19:10:49] [1] "bold"
INFO [2017-02-10 19:10:49] 
INFO [2017-02-10 19:10:49] $cat.pos
INFO [2017-02-10 19:10:49] c(-27, 27)
INFO [2017-02-10 19:10:49] 
INFO [2017-02-10 19:10:49] $cat.dist
INFO [2017-02-10 19:10:49] c(0.055, 0.055)
INFO [2017-02-10 19:10:49] 
INFO [2017-02-10 19:10:49] $cat.fontfamily
INFO [2017-02-10 19:10:49] [1] "sans"
INFO [2017-02-10 19:10:49] 
INFO [2017-02-10 19:10:49] $main.fontfamily
INFO [2017-02-10 19:10:49] [1] "sans"
INFO [2017-02-10 19:10:49] 
INFO [2017-02-10 19:10:49] [[25]]
INFO [2017-02-10 19:10:49] 
INFO [2017-02-10 19:10:49] 
