INFO [2017-02-10 19:15:14] $main
INFO [2017-02-10 19:15:14] title
INFO [2017-02-10 19:15:14] 
INFO [2017-02-10 19:15:14] $main.cex
INFO [2017-02-10 19:15:14] sqrt(2)
INFO [2017-02-10 19:15:14] 
INFO [2017-02-10 19:15:14] $x
INFO [2017-02-10 19:15:14] list(set.kidney, set.heart)
INFO [2017-02-10 19:15:14] 
INFO [2017-02-10 19:15:14] $category.names
INFO [2017-02-10 19:15:14] c("Kidney", "Heart")
INFO [2017-02-10 19:15:14] 
INFO [2017-02-10 19:15:14] $output
INFO [2017-02-10 19:15:14] [1] TRUE
INFO [2017-02-10 19:15:14] 
INFO [2017-02-10 19:15:14] $filename
INFO [2017-02-10 19:15:14] NULL
INFO [2017-02-10 19:15:14] 
INFO [2017-02-10 19:15:14] $imagetype
INFO [2017-02-10 19:15:14] [1] "png"
INFO [2017-02-10 19:15:14] 
INFO [2017-02-10 19:15:14] $height
INFO [2017-02-10 19:15:14] [1] 480
INFO [2017-02-10 19:15:14] 
INFO [2017-02-10 19:15:14] $width
INFO [2017-02-10 19:15:14] [1] 480
INFO [2017-02-10 19:15:14] 
INFO [2017-02-10 19:15:14] $resolution
INFO [2017-02-10 19:15:14] [1] 300
INFO [2017-02-10 19:15:14] 
INFO [2017-02-10 19:15:14] $compression
INFO [2017-02-10 19:15:14] [1] "lzw"
INFO [2017-02-10 19:15:14] 
INFO [2017-02-10 19:15:14] $lwd
INFO [2017-02-10 19:15:14] [1] 2
INFO [2017-02-10 19:15:14] 
INFO [2017-02-10 19:15:14] $lty
INFO [2017-02-10 19:15:14] [1] "blank"
INFO [2017-02-10 19:15:14] 
INFO [2017-02-10 19:15:14] $fill
INFO [2017-02-10 19:15:14] c("yellow", "green")
INFO [2017-02-10 19:15:14] 
INFO [2017-02-10 19:15:14] $cex
INFO [2017-02-10 19:15:14] [1] 1
INFO [2017-02-10 19:15:14] 
INFO [2017-02-10 19:15:14] $fontface
INFO [2017-02-10 19:15:14] [1] "bold"
INFO [2017-02-10 19:15:14] 
INFO [2017-02-10 19:15:14] $fontfamily
INFO [2017-02-10 19:15:14] [1] "sans"
INFO [2017-02-10 19:15:14] 
INFO [2017-02-10 19:15:14] $cat.cex
INFO [2017-02-10 19:15:14] [1] 1.2
INFO [2017-02-10 19:15:14] 
INFO [2017-02-10 19:15:14] $cat.fontface
INFO [2017-02-10 19:15:14] [1] "bold"
INFO [2017-02-10 19:15:14] 
INFO [2017-02-10 19:15:14] $main.fontface
INFO [2017-02-10 19:15:14] [1] "bold"
INFO [2017-02-10 19:15:14] 
INFO [2017-02-10 19:15:14] $cat.pos
INFO [2017-02-10 19:15:14] c(-27, 27)
INFO [2017-02-10 19:15:14] 
INFO [2017-02-10 19:15:14] $cat.dist
INFO [2017-02-10 19:15:14] c(0.055, 0.055)
INFO [2017-02-10 19:15:14] 
INFO [2017-02-10 19:15:14] $cat.fontfamily
INFO [2017-02-10 19:15:14] [1] "sans"
INFO [2017-02-10 19:15:14] 
INFO [2017-02-10 19:15:14] $main.fontfamily
INFO [2017-02-10 19:15:14] [1] "sans"
INFO [2017-02-10 19:15:14] 
INFO [2017-02-10 19:15:14] [[25]]
INFO [2017-02-10 19:15:14] 
INFO [2017-02-10 19:15:14] 
