INFO [2017-02-10 19:35:53] $main
INFO [2017-02-10 19:35:53] title
INFO [2017-02-10 19:35:53] 
INFO [2017-02-10 19:35:53] $main.cex
INFO [2017-02-10 19:35:53] sqrt(2)
INFO [2017-02-10 19:35:53] 
INFO [2017-02-10 19:35:53] $x
INFO [2017-02-10 19:35:53] list(set.kidney, set.heart)
INFO [2017-02-10 19:35:53] 
INFO [2017-02-10 19:35:53] $category.names
INFO [2017-02-10 19:35:53] c("Kidney", "Heart")
INFO [2017-02-10 19:35:53] 
INFO [2017-02-10 19:35:53] $output
INFO [2017-02-10 19:35:53] [1] TRUE
INFO [2017-02-10 19:35:53] 
INFO [2017-02-10 19:35:53] $filename
INFO [2017-02-10 19:35:53] NULL
INFO [2017-02-10 19:35:53] 
INFO [2017-02-10 19:35:53] $imagetype
INFO [2017-02-10 19:35:53] [1] "png"
INFO [2017-02-10 19:35:53] 
INFO [2017-02-10 19:35:53] $height
INFO [2017-02-10 19:35:53] [1] 480
INFO [2017-02-10 19:35:53] 
INFO [2017-02-10 19:35:53] $width
INFO [2017-02-10 19:35:53] [1] 480
INFO [2017-02-10 19:35:53] 
INFO [2017-02-10 19:35:53] $resolution
INFO [2017-02-10 19:35:53] [1] 300
INFO [2017-02-10 19:35:53] 
INFO [2017-02-10 19:35:53] $compression
INFO [2017-02-10 19:35:53] [1] "lzw"
INFO [2017-02-10 19:35:53] 
INFO [2017-02-10 19:35:53] $lwd
INFO [2017-02-10 19:35:53] [1] 2
INFO [2017-02-10 19:35:53] 
INFO [2017-02-10 19:35:53] $lty
INFO [2017-02-10 19:35:53] [1] "blank"
INFO [2017-02-10 19:35:53] 
INFO [2017-02-10 19:35:53] $fill
INFO [2017-02-10 19:35:53] c("yellow", "green")
INFO [2017-02-10 19:35:53] 
INFO [2017-02-10 19:35:53] $cex
INFO [2017-02-10 19:35:53] [1] 1
INFO [2017-02-10 19:35:53] 
INFO [2017-02-10 19:35:53] $fontface
INFO [2017-02-10 19:35:53] [1] "bold"
INFO [2017-02-10 19:35:53] 
INFO [2017-02-10 19:35:53] $fontfamily
INFO [2017-02-10 19:35:53] [1] "sans"
INFO [2017-02-10 19:35:53] 
INFO [2017-02-10 19:35:53] $cat.cex
INFO [2017-02-10 19:35:53] [1] 1.2
INFO [2017-02-10 19:35:53] 
INFO [2017-02-10 19:35:53] $cat.fontface
INFO [2017-02-10 19:35:53] [1] "bold"
INFO [2017-02-10 19:35:53] 
INFO [2017-02-10 19:35:53] $main.fontface
INFO [2017-02-10 19:35:53] [1] "bold"
INFO [2017-02-10 19:35:53] 
INFO [2017-02-10 19:35:53] $cat.pos
INFO [2017-02-10 19:35:53] c(-27, 27)
INFO [2017-02-10 19:35:53] 
INFO [2017-02-10 19:35:53] $cat.dist
INFO [2017-02-10 19:35:53] c(0.055, 0.055)
INFO [2017-02-10 19:35:53] 
INFO [2017-02-10 19:35:53] $cat.fontfamily
INFO [2017-02-10 19:35:53] [1] "sans"
INFO [2017-02-10 19:35:53] 
INFO [2017-02-10 19:35:53] $main.fontfamily
INFO [2017-02-10 19:35:53] [1] "sans"
INFO [2017-02-10 19:35:53] 
INFO [2017-02-10 19:35:53] [[25]]
INFO [2017-02-10 19:35:53] 
INFO [2017-02-10 19:35:53] 
