INFO [2017-02-10 14:11:38] $x
INFO [2017-02-10 14:11:38] list(set1, set2)
INFO [2017-02-10 14:11:38] 
INFO [2017-02-10 14:11:38] $category.names
INFO [2017-02-10 14:11:38] c("Kidney", "Heart")
INFO [2017-02-10 14:11:38] 
INFO [2017-02-10 14:11:38] $output
INFO [2017-02-10 14:11:38] [1] TRUE
INFO [2017-02-10 14:11:38] 
INFO [2017-02-10 14:11:38] $filename
INFO [2017-02-10 14:11:38] NULL
INFO [2017-02-10 14:11:38] 
INFO [2017-02-10 14:11:38] $imagetype
INFO [2017-02-10 14:11:38] [1] "png"
INFO [2017-02-10 14:11:38] 
INFO [2017-02-10 14:11:38] $height
INFO [2017-02-10 14:11:38] [1] 480
INFO [2017-02-10 14:11:38] 
INFO [2017-02-10 14:11:38] $width
INFO [2017-02-10 14:11:38] [1] 480
INFO [2017-02-10 14:11:38] 
INFO [2017-02-10 14:11:38] $resolution
INFO [2017-02-10 14:11:38] [1] 300
INFO [2017-02-10 14:11:38] 
INFO [2017-02-10 14:11:38] $compression
INFO [2017-02-10 14:11:38] [1] "lzw"
INFO [2017-02-10 14:11:38] 
INFO [2017-02-10 14:11:38] $lwd
INFO [2017-02-10 14:11:38] [1] 2
INFO [2017-02-10 14:11:38] 
INFO [2017-02-10 14:11:38] $lty
INFO [2017-02-10 14:11:38] [1] "blank"
INFO [2017-02-10 14:11:38] 
INFO [2017-02-10 14:11:38] $fill
INFO [2017-02-10 14:11:38] c("yellow", "green")
INFO [2017-02-10 14:11:38] 
INFO [2017-02-10 14:11:38] $cex
INFO [2017-02-10 14:11:38] [1] 1
INFO [2017-02-10 14:11:38] 
INFO [2017-02-10 14:11:38] $fontface
INFO [2017-02-10 14:11:38] [1] "bold"
INFO [2017-02-10 14:11:38] 
INFO [2017-02-10 14:11:38] $fontfamily
INFO [2017-02-10 14:11:38] [1] "sans"
INFO [2017-02-10 14:11:38] 
INFO [2017-02-10 14:11:38] $cat.cex
INFO [2017-02-10 14:11:38] [1] 0.6
INFO [2017-02-10 14:11:38] 
INFO [2017-02-10 14:11:38] $cat.fontface
INFO [2017-02-10 14:11:38] [1] "bold"
INFO [2017-02-10 14:11:38] 
INFO [2017-02-10 14:11:38] $cat.default.pos
INFO [2017-02-10 14:11:38] [1] "outer"
INFO [2017-02-10 14:11:38] 
INFO [2017-02-10 14:11:38] $cat.fontfamily
INFO [2017-02-10 14:11:38] [1] "sans"
INFO [2017-02-10 14:11:38] 
INFO [2017-02-10 14:11:38] $rotation
INFO [2017-02-10 14:11:38] [1] 1
INFO [2017-02-10 14:11:38] 
