INFO [2017-02-10 14:42:54] $main
INFO [2017-02-10 14:42:54] title
INFO [2017-02-10 14:42:54] 
INFO [2017-02-10 14:42:54] $main.cex
INFO [2017-02-10 14:42:54] sqrt(2)
INFO [2017-02-10 14:42:54] 
INFO [2017-02-10 14:42:54] $x
INFO [2017-02-10 14:42:54] list(set.kidney, set.heart)
INFO [2017-02-10 14:42:54] 
INFO [2017-02-10 14:42:54] $category.names
INFO [2017-02-10 14:42:54] c("Kidney", "Heart")
INFO [2017-02-10 14:42:54] 
INFO [2017-02-10 14:42:54] $output
INFO [2017-02-10 14:42:54] [1] TRUE
INFO [2017-02-10 14:42:54] 
INFO [2017-02-10 14:42:54] $filename
INFO [2017-02-10 14:42:54] NULL
INFO [2017-02-10 14:42:54] 
INFO [2017-02-10 14:42:54] $imagetype
INFO [2017-02-10 14:42:54] [1] "png"
INFO [2017-02-10 14:42:54] 
INFO [2017-02-10 14:42:54] $height
INFO [2017-02-10 14:42:54] [1] 480
INFO [2017-02-10 14:42:54] 
INFO [2017-02-10 14:42:54] $width
INFO [2017-02-10 14:42:54] [1] 480
INFO [2017-02-10 14:42:54] 
INFO [2017-02-10 14:42:54] $resolution
INFO [2017-02-10 14:42:54] [1] 300
INFO [2017-02-10 14:42:54] 
INFO [2017-02-10 14:42:54] $compression
INFO [2017-02-10 14:42:54] [1] "lzw"
INFO [2017-02-10 14:42:54] 
INFO [2017-02-10 14:42:54] $lwd
INFO [2017-02-10 14:42:54] [1] 2
INFO [2017-02-10 14:42:54] 
INFO [2017-02-10 14:42:54] $lty
INFO [2017-02-10 14:42:54] [1] "blank"
INFO [2017-02-10 14:42:54] 
INFO [2017-02-10 14:42:54] $fill
INFO [2017-02-10 14:42:54] c("yellow", "green")
INFO [2017-02-10 14:42:54] 
INFO [2017-02-10 14:42:54] $cex
INFO [2017-02-10 14:42:54] [1] 1
INFO [2017-02-10 14:42:54] 
INFO [2017-02-10 14:42:54] $fontface
INFO [2017-02-10 14:42:54] [1] "bold"
INFO [2017-02-10 14:42:54] 
INFO [2017-02-10 14:42:54] $fontfamily
INFO [2017-02-10 14:42:54] [1] "sans"
INFO [2017-02-10 14:42:54] 
INFO [2017-02-10 14:42:54] $cat.cex
INFO [2017-02-10 14:42:54] [1] 1.2
INFO [2017-02-10 14:42:54] 
INFO [2017-02-10 14:42:54] $cat.fontface
INFO [2017-02-10 14:42:54] [1] "bold"
INFO [2017-02-10 14:42:54] 
INFO [2017-02-10 14:42:54] $main.fontface
INFO [2017-02-10 14:42:54] [1] "bold"
INFO [2017-02-10 14:42:54] 
INFO [2017-02-10 14:42:54] $cat.pos
INFO [2017-02-10 14:42:54] c(-27, 27)
INFO [2017-02-10 14:42:54] 
INFO [2017-02-10 14:42:54] $cat.dist
INFO [2017-02-10 14:42:54] c(0.055, 0.055)
INFO [2017-02-10 14:42:54] 
INFO [2017-02-10 14:42:54] $cat.fontfamily
INFO [2017-02-10 14:42:54] [1] "sans"
INFO [2017-02-10 14:42:54] 
INFO [2017-02-10 14:42:54] $main.fontfamily
INFO [2017-02-10 14:42:54] [1] "sans"
INFO [2017-02-10 14:42:54] 
INFO [2017-02-10 14:42:54] [[25]]
INFO [2017-02-10 14:42:54] 
INFO [2017-02-10 14:42:54] 
