INFO [2017-02-10 14:18:27] $x
INFO [2017-02-10 14:18:27] list(set1, set2)
INFO [2017-02-10 14:18:27] 
INFO [2017-02-10 14:18:27] $category.names
INFO [2017-02-10 14:18:27] c("Kidney", "Heart")
INFO [2017-02-10 14:18:27] 
INFO [2017-02-10 14:18:27] $output
INFO [2017-02-10 14:18:27] [1] TRUE
INFO [2017-02-10 14:18:27] 
INFO [2017-02-10 14:18:27] $filename
INFO [2017-02-10 14:18:27] NULL
INFO [2017-02-10 14:18:27] 
INFO [2017-02-10 14:18:27] $imagetype
INFO [2017-02-10 14:18:27] [1] "png"
INFO [2017-02-10 14:18:27] 
INFO [2017-02-10 14:18:27] $height
INFO [2017-02-10 14:18:27] [1] 480
INFO [2017-02-10 14:18:27] 
INFO [2017-02-10 14:18:27] $width
INFO [2017-02-10 14:18:27] [1] 480
INFO [2017-02-10 14:18:27] 
INFO [2017-02-10 14:18:27] $resolution
INFO [2017-02-10 14:18:27] [1] 300
INFO [2017-02-10 14:18:27] 
INFO [2017-02-10 14:18:27] $compression
INFO [2017-02-10 14:18:27] [1] "lzw"
INFO [2017-02-10 14:18:27] 
INFO [2017-02-10 14:18:27] $lwd
INFO [2017-02-10 14:18:27] [1] 2
INFO [2017-02-10 14:18:27] 
INFO [2017-02-10 14:18:27] $lty
INFO [2017-02-10 14:18:27] [1] "blank"
INFO [2017-02-10 14:18:27] 
INFO [2017-02-10 14:18:27] $fill
INFO [2017-02-10 14:18:27] c("yellow", "green")
INFO [2017-02-10 14:18:27] 
INFO [2017-02-10 14:18:27] $cex
INFO [2017-02-10 14:18:27] [1] 1
INFO [2017-02-10 14:18:27] 
INFO [2017-02-10 14:18:27] $fontface
INFO [2017-02-10 14:18:27] [1] "bold"
INFO [2017-02-10 14:18:27] 
INFO [2017-02-10 14:18:27] $fontfamily
INFO [2017-02-10 14:18:27] [1] "sans"
INFO [2017-02-10 14:18:27] 
INFO [2017-02-10 14:18:27] $cat.cex
INFO [2017-02-10 14:18:27] [1] 1.2
INFO [2017-02-10 14:18:27] 
INFO [2017-02-10 14:18:27] $cat.fontface
INFO [2017-02-10 14:18:27] [1] "bold"
INFO [2017-02-10 14:18:27] 
INFO [2017-02-10 14:18:27] $cat.pos
INFO [2017-02-10 14:18:27] c(-27, 27)
INFO [2017-02-10 14:18:27] 
INFO [2017-02-10 14:18:27] $cat.dist
INFO [2017-02-10 14:18:27] c(0.055, 0.055)
INFO [2017-02-10 14:18:27] 
INFO [2017-02-10 14:18:27] $cat.fontfamily
INFO [2017-02-10 14:18:27] [1] "sans"
INFO [2017-02-10 14:18:27] 
INFO [2017-02-10 14:18:27] [[21]]
INFO [2017-02-10 14:18:27] 
INFO [2017-02-10 14:18:27] 
