INFO [2017-02-10 19:34:21] $main
INFO [2017-02-10 19:34:21] title
INFO [2017-02-10 19:34:21] 
INFO [2017-02-10 19:34:21] $main.cex
INFO [2017-02-10 19:34:21] sqrt(2)
INFO [2017-02-10 19:34:21] 
INFO [2017-02-10 19:34:21] $x
INFO [2017-02-10 19:34:21] list(set.kidney, set.heart)
INFO [2017-02-10 19:34:21] 
INFO [2017-02-10 19:34:21] $category.names
INFO [2017-02-10 19:34:21] c("Kidney", "Heart")
INFO [2017-02-10 19:34:21] 
INFO [2017-02-10 19:34:21] $output
INFO [2017-02-10 19:34:21] [1] TRUE
INFO [2017-02-10 19:34:21] 
INFO [2017-02-10 19:34:21] $filename
INFO [2017-02-10 19:34:21] NULL
INFO [2017-02-10 19:34:21] 
INFO [2017-02-10 19:34:21] $imagetype
INFO [2017-02-10 19:34:21] [1] "png"
INFO [2017-02-10 19:34:21] 
INFO [2017-02-10 19:34:21] $height
INFO [2017-02-10 19:34:21] [1] 480
INFO [2017-02-10 19:34:21] 
INFO [2017-02-10 19:34:21] $width
INFO [2017-02-10 19:34:21] [1] 480
INFO [2017-02-10 19:34:21] 
INFO [2017-02-10 19:34:21] $resolution
INFO [2017-02-10 19:34:21] [1] 300
INFO [2017-02-10 19:34:21] 
INFO [2017-02-10 19:34:21] $compression
INFO [2017-02-10 19:34:21] [1] "lzw"
INFO [2017-02-10 19:34:21] 
INFO [2017-02-10 19:34:21] $lwd
INFO [2017-02-10 19:34:21] [1] 2
INFO [2017-02-10 19:34:21] 
INFO [2017-02-10 19:34:21] $lty
INFO [2017-02-10 19:34:21] [1] "blank"
INFO [2017-02-10 19:34:21] 
INFO [2017-02-10 19:34:21] $fill
INFO [2017-02-10 19:34:21] c("yellow", "green")
INFO [2017-02-10 19:34:21] 
INFO [2017-02-10 19:34:21] $cex
INFO [2017-02-10 19:34:21] [1] 1
INFO [2017-02-10 19:34:21] 
INFO [2017-02-10 19:34:21] $fontface
INFO [2017-02-10 19:34:21] [1] "bold"
INFO [2017-02-10 19:34:21] 
INFO [2017-02-10 19:34:21] $fontfamily
INFO [2017-02-10 19:34:21] [1] "sans"
INFO [2017-02-10 19:34:21] 
INFO [2017-02-10 19:34:21] $cat.cex
INFO [2017-02-10 19:34:21] [1] 1.2
INFO [2017-02-10 19:34:21] 
INFO [2017-02-10 19:34:21] $cat.fontface
INFO [2017-02-10 19:34:21] [1] "bold"
INFO [2017-02-10 19:34:21] 
INFO [2017-02-10 19:34:21] $main.fontface
INFO [2017-02-10 19:34:21] [1] "bold"
INFO [2017-02-10 19:34:21] 
INFO [2017-02-10 19:34:21] $cat.pos
INFO [2017-02-10 19:34:21] c(-27, 27)
INFO [2017-02-10 19:34:21] 
INFO [2017-02-10 19:34:21] $cat.dist
INFO [2017-02-10 19:34:21] c(0.055, 0.055)
INFO [2017-02-10 19:34:21] 
INFO [2017-02-10 19:34:21] $cat.fontfamily
INFO [2017-02-10 19:34:21] [1] "sans"
INFO [2017-02-10 19:34:21] 
INFO [2017-02-10 19:34:21] $main.fontfamily
INFO [2017-02-10 19:34:21] [1] "sans"
INFO [2017-02-10 19:34:21] 
INFO [2017-02-10 19:34:21] [[25]]
INFO [2017-02-10 19:34:21] 
INFO [2017-02-10 19:34:21] 
