INFO [2017-02-10 14:33:01] $main
INFO [2017-02-10 14:33:01] title
INFO [2017-02-10 14:33:01] 
INFO [2017-02-10 14:33:01] $main.cex
INFO [2017-02-10 14:33:01] sqrt(2)
INFO [2017-02-10 14:33:01] 
INFO [2017-02-10 14:33:01] $x
INFO [2017-02-10 14:33:01] list(set.kidney, set.heart)
INFO [2017-02-10 14:33:01] 
INFO [2017-02-10 14:33:01] $category.names
INFO [2017-02-10 14:33:01] c("Kidney", "Heart")
INFO [2017-02-10 14:33:01] 
INFO [2017-02-10 14:33:01] $output
INFO [2017-02-10 14:33:01] [1] TRUE
INFO [2017-02-10 14:33:01] 
INFO [2017-02-10 14:33:01] $filename
INFO [2017-02-10 14:33:01] NULL
INFO [2017-02-10 14:33:01] 
INFO [2017-02-10 14:33:01] $imagetype
INFO [2017-02-10 14:33:01] [1] "png"
INFO [2017-02-10 14:33:01] 
INFO [2017-02-10 14:33:01] $height
INFO [2017-02-10 14:33:01] [1] 480
INFO [2017-02-10 14:33:01] 
INFO [2017-02-10 14:33:01] $width
INFO [2017-02-10 14:33:01] [1] 480
INFO [2017-02-10 14:33:01] 
INFO [2017-02-10 14:33:01] $resolution
INFO [2017-02-10 14:33:01] [1] 300
INFO [2017-02-10 14:33:01] 
INFO [2017-02-10 14:33:01] $compression
INFO [2017-02-10 14:33:01] [1] "lzw"
INFO [2017-02-10 14:33:01] 
INFO [2017-02-10 14:33:01] $lwd
INFO [2017-02-10 14:33:01] [1] 2
INFO [2017-02-10 14:33:01] 
INFO [2017-02-10 14:33:01] $lty
INFO [2017-02-10 14:33:01] [1] "blank"
INFO [2017-02-10 14:33:01] 
INFO [2017-02-10 14:33:01] $fill
INFO [2017-02-10 14:33:01] c("yellow", "green")
INFO [2017-02-10 14:33:01] 
INFO [2017-02-10 14:33:01] $cex
INFO [2017-02-10 14:33:01] [1] 1
INFO [2017-02-10 14:33:01] 
INFO [2017-02-10 14:33:01] $fontface
INFO [2017-02-10 14:33:01] [1] "bold"
INFO [2017-02-10 14:33:01] 
INFO [2017-02-10 14:33:01] $fontfamily
INFO [2017-02-10 14:33:01] [1] "sans"
INFO [2017-02-10 14:33:01] 
INFO [2017-02-10 14:33:01] $cat.cex
INFO [2017-02-10 14:33:01] [1] 1.2
INFO [2017-02-10 14:33:01] 
INFO [2017-02-10 14:33:01] $cat.fontface
INFO [2017-02-10 14:33:01] [1] "bold"
INFO [2017-02-10 14:33:01] 
INFO [2017-02-10 14:33:01] $main.fontface
INFO [2017-02-10 14:33:01] [1] "bold"
INFO [2017-02-10 14:33:01] 
INFO [2017-02-10 14:33:01] $cat.pos
INFO [2017-02-10 14:33:01] c(-27, 27)
INFO [2017-02-10 14:33:01] 
INFO [2017-02-10 14:33:01] $cat.dist
INFO [2017-02-10 14:33:01] c(0.055, 0.055)
INFO [2017-02-10 14:33:01] 
INFO [2017-02-10 14:33:01] $cat.fontfamily
INFO [2017-02-10 14:33:01] [1] "sans"
INFO [2017-02-10 14:33:01] 
INFO [2017-02-10 14:33:01] $main.fontfamily
INFO [2017-02-10 14:33:01] [1] "sans"
INFO [2017-02-10 14:33:01] 
INFO [2017-02-10 14:33:01] [[25]]
INFO [2017-02-10 14:33:01] 
INFO [2017-02-10 14:33:01] 
