INFO [2017-02-10 19:41:19] $main
INFO [2017-02-10 19:41:19] title
INFO [2017-02-10 19:41:19] 
INFO [2017-02-10 19:41:19] $main.cex
INFO [2017-02-10 19:41:19] sqrt(2)
INFO [2017-02-10 19:41:19] 
INFO [2017-02-10 19:41:19] $x
INFO [2017-02-10 19:41:19] list(set.kidney, set.heart)
INFO [2017-02-10 19:41:19] 
INFO [2017-02-10 19:41:19] $category.names
INFO [2017-02-10 19:41:19] c("Kidney", "Heart")
INFO [2017-02-10 19:41:19] 
INFO [2017-02-10 19:41:19] $output
INFO [2017-02-10 19:41:19] [1] TRUE
INFO [2017-02-10 19:41:19] 
INFO [2017-02-10 19:41:19] $filename
INFO [2017-02-10 19:41:19] NULL
INFO [2017-02-10 19:41:19] 
INFO [2017-02-10 19:41:19] $imagetype
INFO [2017-02-10 19:41:19] [1] "png"
INFO [2017-02-10 19:41:19] 
INFO [2017-02-10 19:41:19] $height
INFO [2017-02-10 19:41:19] [1] 480
INFO [2017-02-10 19:41:19] 
INFO [2017-02-10 19:41:19] $width
INFO [2017-02-10 19:41:19] [1] 480
INFO [2017-02-10 19:41:19] 
INFO [2017-02-10 19:41:19] $resolution
INFO [2017-02-10 19:41:19] [1] 300
INFO [2017-02-10 19:41:19] 
INFO [2017-02-10 19:41:19] $compression
INFO [2017-02-10 19:41:19] [1] "lzw"
INFO [2017-02-10 19:41:19] 
INFO [2017-02-10 19:41:19] $lwd
INFO [2017-02-10 19:41:19] [1] 2
INFO [2017-02-10 19:41:19] 
INFO [2017-02-10 19:41:19] $lty
INFO [2017-02-10 19:41:19] [1] "blank"
INFO [2017-02-10 19:41:19] 
INFO [2017-02-10 19:41:19] $fill
INFO [2017-02-10 19:41:19] c("yellow", "green")
INFO [2017-02-10 19:41:19] 
INFO [2017-02-10 19:41:19] $cex
INFO [2017-02-10 19:41:19] [1] 1
INFO [2017-02-10 19:41:19] 
INFO [2017-02-10 19:41:19] $fontface
INFO [2017-02-10 19:41:19] [1] "bold"
INFO [2017-02-10 19:41:19] 
INFO [2017-02-10 19:41:19] $fontfamily
INFO [2017-02-10 19:41:19] [1] "sans"
INFO [2017-02-10 19:41:19] 
INFO [2017-02-10 19:41:19] $cat.cex
INFO [2017-02-10 19:41:19] [1] 1.2
INFO [2017-02-10 19:41:19] 
INFO [2017-02-10 19:41:19] $cat.fontface
INFO [2017-02-10 19:41:19] [1] "bold"
INFO [2017-02-10 19:41:19] 
INFO [2017-02-10 19:41:19] $main.fontface
INFO [2017-02-10 19:41:19] [1] "bold"
INFO [2017-02-10 19:41:19] 
INFO [2017-02-10 19:41:19] $cat.pos
INFO [2017-02-10 19:41:19] c(-27, 27)
INFO [2017-02-10 19:41:19] 
INFO [2017-02-10 19:41:19] $cat.dist
INFO [2017-02-10 19:41:19] c(0.055, 0.055)
INFO [2017-02-10 19:41:19] 
INFO [2017-02-10 19:41:19] $cat.fontfamily
INFO [2017-02-10 19:41:19] [1] "sans"
INFO [2017-02-10 19:41:19] 
INFO [2017-02-10 19:41:19] $main.fontfamily
INFO [2017-02-10 19:41:19] [1] "sans"
INFO [2017-02-10 19:41:19] 
INFO [2017-02-10 19:41:19] [[25]]
INFO [2017-02-10 19:41:19] 
INFO [2017-02-10 19:41:19] 
