INFO [2017-02-10 19:19:34] $main
INFO [2017-02-10 19:19:34] title
INFO [2017-02-10 19:19:34] 
INFO [2017-02-10 19:19:34] $main.cex
INFO [2017-02-10 19:19:34] sqrt(2)
INFO [2017-02-10 19:19:34] 
INFO [2017-02-10 19:19:34] $x
INFO [2017-02-10 19:19:34] list(set.kidney, set.heart)
INFO [2017-02-10 19:19:34] 
INFO [2017-02-10 19:19:34] $category.names
INFO [2017-02-10 19:19:34] c("Kidney", "Heart")
INFO [2017-02-10 19:19:34] 
INFO [2017-02-10 19:19:34] $output
INFO [2017-02-10 19:19:34] [1] TRUE
INFO [2017-02-10 19:19:34] 
INFO [2017-02-10 19:19:34] $filename
INFO [2017-02-10 19:19:34] NULL
INFO [2017-02-10 19:19:34] 
INFO [2017-02-10 19:19:34] $imagetype
INFO [2017-02-10 19:19:34] [1] "png"
INFO [2017-02-10 19:19:34] 
INFO [2017-02-10 19:19:34] $height
INFO [2017-02-10 19:19:34] [1] 480
INFO [2017-02-10 19:19:34] 
INFO [2017-02-10 19:19:34] $width
INFO [2017-02-10 19:19:34] [1] 480
INFO [2017-02-10 19:19:34] 
INFO [2017-02-10 19:19:34] $resolution
INFO [2017-02-10 19:19:34] [1] 300
INFO [2017-02-10 19:19:34] 
INFO [2017-02-10 19:19:34] $compression
INFO [2017-02-10 19:19:34] [1] "lzw"
INFO [2017-02-10 19:19:34] 
INFO [2017-02-10 19:19:34] $lwd
INFO [2017-02-10 19:19:34] [1] 2
INFO [2017-02-10 19:19:34] 
INFO [2017-02-10 19:19:34] $lty
INFO [2017-02-10 19:19:34] [1] "blank"
INFO [2017-02-10 19:19:34] 
INFO [2017-02-10 19:19:34] $fill
INFO [2017-02-10 19:19:34] c("yellow", "green")
INFO [2017-02-10 19:19:34] 
INFO [2017-02-10 19:19:34] $cex
INFO [2017-02-10 19:19:34] [1] 1
INFO [2017-02-10 19:19:34] 
INFO [2017-02-10 19:19:34] $fontface
INFO [2017-02-10 19:19:34] [1] "bold"
INFO [2017-02-10 19:19:34] 
INFO [2017-02-10 19:19:34] $fontfamily
INFO [2017-02-10 19:19:34] [1] "sans"
INFO [2017-02-10 19:19:34] 
INFO [2017-02-10 19:19:34] $cat.cex
INFO [2017-02-10 19:19:34] [1] 1.2
INFO [2017-02-10 19:19:34] 
INFO [2017-02-10 19:19:34] $cat.fontface
INFO [2017-02-10 19:19:34] [1] "bold"
INFO [2017-02-10 19:19:34] 
INFO [2017-02-10 19:19:34] $main.fontface
INFO [2017-02-10 19:19:34] [1] "bold"
INFO [2017-02-10 19:19:34] 
INFO [2017-02-10 19:19:34] $cat.pos
INFO [2017-02-10 19:19:34] c(-27, 27)
INFO [2017-02-10 19:19:34] 
INFO [2017-02-10 19:19:34] $cat.dist
INFO [2017-02-10 19:19:34] c(0.055, 0.055)
INFO [2017-02-10 19:19:34] 
INFO [2017-02-10 19:19:34] $cat.fontfamily
INFO [2017-02-10 19:19:34] [1] "sans"
INFO [2017-02-10 19:19:34] 
INFO [2017-02-10 19:19:34] $main.fontfamily
INFO [2017-02-10 19:19:34] [1] "sans"
INFO [2017-02-10 19:19:34] 
INFO [2017-02-10 19:19:34] [[25]]
INFO [2017-02-10 19:19:34] 
INFO [2017-02-10 19:19:34] 
