INFO [2017-02-10 14:12:16] $x
INFO [2017-02-10 14:12:16] list(set1, set2)
INFO [2017-02-10 14:12:16] 
INFO [2017-02-10 14:12:16] $category.names
INFO [2017-02-10 14:12:16] c("Kidney", "Heart")
INFO [2017-02-10 14:12:16] 
INFO [2017-02-10 14:12:16] $output
INFO [2017-02-10 14:12:16] [1] TRUE
INFO [2017-02-10 14:12:16] 
INFO [2017-02-10 14:12:16] $filename
INFO [2017-02-10 14:12:16] NULL
INFO [2017-02-10 14:12:16] 
INFO [2017-02-10 14:12:16] $imagetype
INFO [2017-02-10 14:12:16] [1] "png"
INFO [2017-02-10 14:12:16] 
INFO [2017-02-10 14:12:16] $height
INFO [2017-02-10 14:12:16] [1] 480
INFO [2017-02-10 14:12:16] 
INFO [2017-02-10 14:12:16] $width
INFO [2017-02-10 14:12:16] [1] 480
INFO [2017-02-10 14:12:16] 
INFO [2017-02-10 14:12:16] $resolution
INFO [2017-02-10 14:12:16] [1] 300
INFO [2017-02-10 14:12:16] 
INFO [2017-02-10 14:12:16] $compression
INFO [2017-02-10 14:12:16] [1] "lzw"
INFO [2017-02-10 14:12:16] 
INFO [2017-02-10 14:12:16] $lwd
INFO [2017-02-10 14:12:16] [1] 2
INFO [2017-02-10 14:12:16] 
INFO [2017-02-10 14:12:16] $lty
INFO [2017-02-10 14:12:16] [1] "blank"
INFO [2017-02-10 14:12:16] 
INFO [2017-02-10 14:12:16] $fill
INFO [2017-02-10 14:12:16] c("yellow", "green")
INFO [2017-02-10 14:12:16] 
INFO [2017-02-10 14:12:16] $cex
INFO [2017-02-10 14:12:16] [1] 1
INFO [2017-02-10 14:12:16] 
INFO [2017-02-10 14:12:16] $fontface
INFO [2017-02-10 14:12:16] [1] "bold"
INFO [2017-02-10 14:12:16] 
INFO [2017-02-10 14:12:16] $fontfamily
INFO [2017-02-10 14:12:16] [1] "sans"
INFO [2017-02-10 14:12:16] 
INFO [2017-02-10 14:12:16] $cat.cex
INFO [2017-02-10 14:12:16] [1] 0.6
INFO [2017-02-10 14:12:16] 
INFO [2017-02-10 14:12:16] [[17]]
INFO [2017-02-10 14:12:16] 
INFO [2017-02-10 14:12:16] 
