INFO [2017-02-10 19:28:50] $main
INFO [2017-02-10 19:28:50] title
INFO [2017-02-10 19:28:50] 
INFO [2017-02-10 19:28:50] $main.cex
INFO [2017-02-10 19:28:50] sqrt(2)
INFO [2017-02-10 19:28:50] 
INFO [2017-02-10 19:28:50] $x
INFO [2017-02-10 19:28:50] list(set.kidney, set.heart)
INFO [2017-02-10 19:28:50] 
INFO [2017-02-10 19:28:50] $category.names
INFO [2017-02-10 19:28:50] c("Kidney", "Heart")
INFO [2017-02-10 19:28:50] 
INFO [2017-02-10 19:28:50] $output
INFO [2017-02-10 19:28:50] [1] TRUE
INFO [2017-02-10 19:28:50] 
INFO [2017-02-10 19:28:50] $filename
INFO [2017-02-10 19:28:50] NULL
INFO [2017-02-10 19:28:50] 
INFO [2017-02-10 19:28:50] $imagetype
INFO [2017-02-10 19:28:50] [1] "png"
INFO [2017-02-10 19:28:50] 
INFO [2017-02-10 19:28:50] $height
INFO [2017-02-10 19:28:50] [1] 480
INFO [2017-02-10 19:28:50] 
INFO [2017-02-10 19:28:50] $width
INFO [2017-02-10 19:28:50] [1] 480
INFO [2017-02-10 19:28:50] 
INFO [2017-02-10 19:28:50] $resolution
INFO [2017-02-10 19:28:50] [1] 300
INFO [2017-02-10 19:28:50] 
INFO [2017-02-10 19:28:50] $compression
INFO [2017-02-10 19:28:50] [1] "lzw"
INFO [2017-02-10 19:28:50] 
INFO [2017-02-10 19:28:50] $lwd
INFO [2017-02-10 19:28:50] [1] 2
INFO [2017-02-10 19:28:50] 
INFO [2017-02-10 19:28:50] $lty
INFO [2017-02-10 19:28:50] [1] "blank"
INFO [2017-02-10 19:28:50] 
INFO [2017-02-10 19:28:50] $fill
INFO [2017-02-10 19:28:50] c("yellow", "green")
INFO [2017-02-10 19:28:50] 
INFO [2017-02-10 19:28:50] $cex
INFO [2017-02-10 19:28:50] [1] 1
INFO [2017-02-10 19:28:50] 
INFO [2017-02-10 19:28:50] $fontface
INFO [2017-02-10 19:28:50] [1] "bold"
INFO [2017-02-10 19:28:50] 
INFO [2017-02-10 19:28:50] $fontfamily
INFO [2017-02-10 19:28:50] [1] "sans"
INFO [2017-02-10 19:28:50] 
INFO [2017-02-10 19:28:50] $cat.cex
INFO [2017-02-10 19:28:50] [1] 1.2
INFO [2017-02-10 19:28:50] 
INFO [2017-02-10 19:28:50] $cat.fontface
INFO [2017-02-10 19:28:50] [1] "bold"
INFO [2017-02-10 19:28:50] 
INFO [2017-02-10 19:28:50] $main.fontface
INFO [2017-02-10 19:28:50] [1] "bold"
INFO [2017-02-10 19:28:50] 
INFO [2017-02-10 19:28:50] $cat.pos
INFO [2017-02-10 19:28:50] c(-27, 27)
INFO [2017-02-10 19:28:50] 
INFO [2017-02-10 19:28:50] $cat.dist
INFO [2017-02-10 19:28:50] c(0.055, 0.055)
INFO [2017-02-10 19:28:50] 
INFO [2017-02-10 19:28:50] $cat.fontfamily
INFO [2017-02-10 19:28:50] [1] "sans"
INFO [2017-02-10 19:28:50] 
INFO [2017-02-10 19:28:50] $main.fontfamily
INFO [2017-02-10 19:28:50] [1] "sans"
INFO [2017-02-10 19:28:50] 
INFO [2017-02-10 19:28:50] [[25]]
INFO [2017-02-10 19:28:50] 
INFO [2017-02-10 19:28:50] 
