INFO [2017-02-10 14:46:10] $main
INFO [2017-02-10 14:46:10] title
INFO [2017-02-10 14:46:10] 
INFO [2017-02-10 14:46:10] $main.cex
INFO [2017-02-10 14:46:10] sqrt(2)
INFO [2017-02-10 14:46:10] 
INFO [2017-02-10 14:46:10] $x
INFO [2017-02-10 14:46:10] list(set.kidney, set.heart)
INFO [2017-02-10 14:46:10] 
INFO [2017-02-10 14:46:10] $category.names
INFO [2017-02-10 14:46:10] c("Kidney", "Heart")
INFO [2017-02-10 14:46:10] 
INFO [2017-02-10 14:46:10] $output
INFO [2017-02-10 14:46:10] [1] TRUE
INFO [2017-02-10 14:46:10] 
INFO [2017-02-10 14:46:10] $filename
INFO [2017-02-10 14:46:10] NULL
INFO [2017-02-10 14:46:10] 
INFO [2017-02-10 14:46:10] $imagetype
INFO [2017-02-10 14:46:10] [1] "png"
INFO [2017-02-10 14:46:10] 
INFO [2017-02-10 14:46:10] $height
INFO [2017-02-10 14:46:10] [1] 480
INFO [2017-02-10 14:46:10] 
INFO [2017-02-10 14:46:10] $width
INFO [2017-02-10 14:46:10] [1] 480
INFO [2017-02-10 14:46:10] 
INFO [2017-02-10 14:46:10] $resolution
INFO [2017-02-10 14:46:10] [1] 300
INFO [2017-02-10 14:46:10] 
INFO [2017-02-10 14:46:10] $compression
INFO [2017-02-10 14:46:10] [1] "lzw"
INFO [2017-02-10 14:46:10] 
INFO [2017-02-10 14:46:10] $lwd
INFO [2017-02-10 14:46:10] [1] 2
INFO [2017-02-10 14:46:10] 
INFO [2017-02-10 14:46:10] $lty
INFO [2017-02-10 14:46:10] [1] "blank"
INFO [2017-02-10 14:46:10] 
INFO [2017-02-10 14:46:10] $fill
INFO [2017-02-10 14:46:10] c("yellow", "green")
INFO [2017-02-10 14:46:10] 
INFO [2017-02-10 14:46:10] $cex
INFO [2017-02-10 14:46:10] [1] 1
INFO [2017-02-10 14:46:10] 
INFO [2017-02-10 14:46:10] $fontface
INFO [2017-02-10 14:46:10] [1] "bold"
INFO [2017-02-10 14:46:10] 
INFO [2017-02-10 14:46:10] $fontfamily
INFO [2017-02-10 14:46:10] [1] "sans"
INFO [2017-02-10 14:46:10] 
INFO [2017-02-10 14:46:10] $cat.cex
INFO [2017-02-10 14:46:10] [1] 1.2
INFO [2017-02-10 14:46:10] 
INFO [2017-02-10 14:46:10] $cat.fontface
INFO [2017-02-10 14:46:10] [1] "bold"
INFO [2017-02-10 14:46:10] 
INFO [2017-02-10 14:46:10] $main.fontface
INFO [2017-02-10 14:46:10] [1] "bold"
INFO [2017-02-10 14:46:10] 
INFO [2017-02-10 14:46:10] $cat.pos
INFO [2017-02-10 14:46:10] c(-27, 27)
INFO [2017-02-10 14:46:10] 
INFO [2017-02-10 14:46:10] $cat.dist
INFO [2017-02-10 14:46:10] c(0.055, 0.055)
INFO [2017-02-10 14:46:10] 
INFO [2017-02-10 14:46:10] $cat.fontfamily
INFO [2017-02-10 14:46:10] [1] "sans"
INFO [2017-02-10 14:46:10] 
INFO [2017-02-10 14:46:10] $main.fontfamily
INFO [2017-02-10 14:46:10] [1] "sans"
INFO [2017-02-10 14:46:10] 
INFO [2017-02-10 14:46:10] [[25]]
INFO [2017-02-10 14:46:10] 
INFO [2017-02-10 14:46:10] 
