INFO [2017-02-10 14:40:33] $main
INFO [2017-02-10 14:40:33] title
INFO [2017-02-10 14:40:33] 
INFO [2017-02-10 14:40:33] $main.cex
INFO [2017-02-10 14:40:33] sqrt(2)
INFO [2017-02-10 14:40:33] 
INFO [2017-02-10 14:40:33] $x
INFO [2017-02-10 14:40:33] list(set.kidney, set.heart)
INFO [2017-02-10 14:40:33] 
INFO [2017-02-10 14:40:33] $category.names
INFO [2017-02-10 14:40:33] c("Kidney", "Heart")
INFO [2017-02-10 14:40:33] 
INFO [2017-02-10 14:40:33] $output
INFO [2017-02-10 14:40:33] [1] TRUE
INFO [2017-02-10 14:40:33] 
INFO [2017-02-10 14:40:33] $filename
INFO [2017-02-10 14:40:33] NULL
INFO [2017-02-10 14:40:33] 
INFO [2017-02-10 14:40:33] $imagetype
INFO [2017-02-10 14:40:33] [1] "png"
INFO [2017-02-10 14:40:33] 
INFO [2017-02-10 14:40:33] $height
INFO [2017-02-10 14:40:33] [1] 480
INFO [2017-02-10 14:40:33] 
INFO [2017-02-10 14:40:33] $width
INFO [2017-02-10 14:40:33] [1] 480
INFO [2017-02-10 14:40:33] 
INFO [2017-02-10 14:40:33] $resolution
INFO [2017-02-10 14:40:33] [1] 300
INFO [2017-02-10 14:40:33] 
INFO [2017-02-10 14:40:33] $compression
INFO [2017-02-10 14:40:33] [1] "lzw"
INFO [2017-02-10 14:40:33] 
INFO [2017-02-10 14:40:33] $lwd
INFO [2017-02-10 14:40:33] [1] 2
INFO [2017-02-10 14:40:33] 
INFO [2017-02-10 14:40:33] $lty
INFO [2017-02-10 14:40:33] [1] "blank"
INFO [2017-02-10 14:40:33] 
INFO [2017-02-10 14:40:33] $fill
INFO [2017-02-10 14:40:33] c("yellow", "green")
INFO [2017-02-10 14:40:33] 
INFO [2017-02-10 14:40:33] $cex
INFO [2017-02-10 14:40:33] [1] 1
INFO [2017-02-10 14:40:33] 
INFO [2017-02-10 14:40:33] $fontface
INFO [2017-02-10 14:40:33] [1] "bold"
INFO [2017-02-10 14:40:33] 
INFO [2017-02-10 14:40:33] $fontfamily
INFO [2017-02-10 14:40:33] [1] "sans"
INFO [2017-02-10 14:40:33] 
INFO [2017-02-10 14:40:33] $cat.cex
INFO [2017-02-10 14:40:33] [1] 1.2
INFO [2017-02-10 14:40:33] 
INFO [2017-02-10 14:40:33] $cat.fontface
INFO [2017-02-10 14:40:33] [1] "bold"
INFO [2017-02-10 14:40:33] 
INFO [2017-02-10 14:40:33] $main.fontface
INFO [2017-02-10 14:40:33] [1] "bold"
INFO [2017-02-10 14:40:33] 
INFO [2017-02-10 14:40:33] $cat.pos
INFO [2017-02-10 14:40:33] c(-27, 27)
INFO [2017-02-10 14:40:33] 
INFO [2017-02-10 14:40:33] $cat.dist
INFO [2017-02-10 14:40:33] c(0.055, 0.055)
INFO [2017-02-10 14:40:33] 
INFO [2017-02-10 14:40:33] $cat.fontfamily
INFO [2017-02-10 14:40:33] [1] "sans"
INFO [2017-02-10 14:40:33] 
INFO [2017-02-10 14:40:33] $main.fontfamily
INFO [2017-02-10 14:40:33] [1] "sans"
INFO [2017-02-10 14:40:33] 
INFO [2017-02-10 14:40:33] [[25]]
INFO [2017-02-10 14:40:33] 
INFO [2017-02-10 14:40:33] 
