INFO [2017-02-10 14:41:06] $main
INFO [2017-02-10 14:41:06] title
INFO [2017-02-10 14:41:06] 
INFO [2017-02-10 14:41:06] $main.cex
INFO [2017-02-10 14:41:06] sqrt(2)
INFO [2017-02-10 14:41:06] 
INFO [2017-02-10 14:41:06] $x
INFO [2017-02-10 14:41:06] list(set.kidney, set.heart)
INFO [2017-02-10 14:41:06] 
INFO [2017-02-10 14:41:06] $category.names
INFO [2017-02-10 14:41:06] c("Kidney", "Heart")
INFO [2017-02-10 14:41:06] 
INFO [2017-02-10 14:41:06] $output
INFO [2017-02-10 14:41:06] [1] TRUE
INFO [2017-02-10 14:41:06] 
INFO [2017-02-10 14:41:06] $filename
INFO [2017-02-10 14:41:06] NULL
INFO [2017-02-10 14:41:06] 
INFO [2017-02-10 14:41:06] $imagetype
INFO [2017-02-10 14:41:06] [1] "png"
INFO [2017-02-10 14:41:06] 
INFO [2017-02-10 14:41:06] $height
INFO [2017-02-10 14:41:06] [1] 480
INFO [2017-02-10 14:41:06] 
INFO [2017-02-10 14:41:06] $width
INFO [2017-02-10 14:41:06] [1] 480
INFO [2017-02-10 14:41:06] 
INFO [2017-02-10 14:41:06] $resolution
INFO [2017-02-10 14:41:06] [1] 300
INFO [2017-02-10 14:41:06] 
INFO [2017-02-10 14:41:06] $compression
INFO [2017-02-10 14:41:06] [1] "lzw"
INFO [2017-02-10 14:41:06] 
INFO [2017-02-10 14:41:06] $lwd
INFO [2017-02-10 14:41:06] [1] 2
INFO [2017-02-10 14:41:06] 
INFO [2017-02-10 14:41:06] $lty
INFO [2017-02-10 14:41:06] [1] "blank"
INFO [2017-02-10 14:41:06] 
INFO [2017-02-10 14:41:06] $fill
INFO [2017-02-10 14:41:06] c("yellow", "green")
INFO [2017-02-10 14:41:06] 
INFO [2017-02-10 14:41:06] $cex
INFO [2017-02-10 14:41:06] [1] 1
INFO [2017-02-10 14:41:06] 
INFO [2017-02-10 14:41:06] $fontface
INFO [2017-02-10 14:41:06] [1] "bold"
INFO [2017-02-10 14:41:06] 
INFO [2017-02-10 14:41:06] $fontfamily
INFO [2017-02-10 14:41:06] [1] "sans"
INFO [2017-02-10 14:41:06] 
INFO [2017-02-10 14:41:06] $cat.cex
INFO [2017-02-10 14:41:06] [1] 1.2
INFO [2017-02-10 14:41:06] 
INFO [2017-02-10 14:41:06] $cat.fontface
INFO [2017-02-10 14:41:06] [1] "bold"
INFO [2017-02-10 14:41:06] 
INFO [2017-02-10 14:41:06] $main.fontface
INFO [2017-02-10 14:41:06] [1] "bold"
INFO [2017-02-10 14:41:06] 
INFO [2017-02-10 14:41:06] $cat.pos
INFO [2017-02-10 14:41:06] c(-27, 27)
INFO [2017-02-10 14:41:06] 
INFO [2017-02-10 14:41:06] $cat.dist
INFO [2017-02-10 14:41:06] c(0.055, 0.055)
INFO [2017-02-10 14:41:06] 
INFO [2017-02-10 14:41:06] $cat.fontfamily
INFO [2017-02-10 14:41:06] [1] "sans"
INFO [2017-02-10 14:41:06] 
INFO [2017-02-10 14:41:06] $main.fontfamily
INFO [2017-02-10 14:41:06] [1] "sans"
INFO [2017-02-10 14:41:06] 
INFO [2017-02-10 14:41:06] [[25]]
INFO [2017-02-10 14:41:06] 
INFO [2017-02-10 14:41:06] 
