INFO [2017-02-10 19:41:20] $main
INFO [2017-02-10 19:41:20] title
INFO [2017-02-10 19:41:20] 
INFO [2017-02-10 19:41:20] $main.cex
INFO [2017-02-10 19:41:20] sqrt(2)
INFO [2017-02-10 19:41:20] 
INFO [2017-02-10 19:41:20] $x
INFO [2017-02-10 19:41:20] list(set.kidney, set.heart)
INFO [2017-02-10 19:41:20] 
INFO [2017-02-10 19:41:20] $category.names
INFO [2017-02-10 19:41:20] c("Kidney", "Heart")
INFO [2017-02-10 19:41:20] 
INFO [2017-02-10 19:41:20] $output
INFO [2017-02-10 19:41:20] [1] TRUE
INFO [2017-02-10 19:41:20] 
INFO [2017-02-10 19:41:20] $filename
INFO [2017-02-10 19:41:20] NULL
INFO [2017-02-10 19:41:20] 
INFO [2017-02-10 19:41:20] $imagetype
INFO [2017-02-10 19:41:20] [1] "png"
INFO [2017-02-10 19:41:20] 
INFO [2017-02-10 19:41:20] $height
INFO [2017-02-10 19:41:20] [1] 480
INFO [2017-02-10 19:41:20] 
INFO [2017-02-10 19:41:20] $width
INFO [2017-02-10 19:41:20] [1] 480
INFO [2017-02-10 19:41:20] 
INFO [2017-02-10 19:41:20] $resolution
INFO [2017-02-10 19:41:20] [1] 300
INFO [2017-02-10 19:41:20] 
INFO [2017-02-10 19:41:20] $compression
INFO [2017-02-10 19:41:20] [1] "lzw"
INFO [2017-02-10 19:41:20] 
INFO [2017-02-10 19:41:20] $lwd
INFO [2017-02-10 19:41:20] [1] 2
INFO [2017-02-10 19:41:20] 
INFO [2017-02-10 19:41:20] $lty
INFO [2017-02-10 19:41:20] [1] "blank"
INFO [2017-02-10 19:41:20] 
INFO [2017-02-10 19:41:20] $fill
INFO [2017-02-10 19:41:20] c("yellow", "green")
INFO [2017-02-10 19:41:20] 
INFO [2017-02-10 19:41:20] $cex
INFO [2017-02-10 19:41:20] [1] 1
INFO [2017-02-10 19:41:20] 
INFO [2017-02-10 19:41:20] $fontface
INFO [2017-02-10 19:41:20] [1] "bold"
INFO [2017-02-10 19:41:20] 
INFO [2017-02-10 19:41:20] $fontfamily
INFO [2017-02-10 19:41:20] [1] "sans"
INFO [2017-02-10 19:41:20] 
INFO [2017-02-10 19:41:20] $cat.cex
INFO [2017-02-10 19:41:20] [1] 1.2
INFO [2017-02-10 19:41:20] 
INFO [2017-02-10 19:41:20] $cat.fontface
INFO [2017-02-10 19:41:20] [1] "bold"
INFO [2017-02-10 19:41:20] 
INFO [2017-02-10 19:41:20] $main.fontface
INFO [2017-02-10 19:41:20] [1] "bold"
INFO [2017-02-10 19:41:20] 
INFO [2017-02-10 19:41:20] $cat.pos
INFO [2017-02-10 19:41:20] c(-27, 27)
INFO [2017-02-10 19:41:20] 
INFO [2017-02-10 19:41:20] $cat.dist
INFO [2017-02-10 19:41:20] c(0.055, 0.055)
INFO [2017-02-10 19:41:20] 
INFO [2017-02-10 19:41:20] $cat.fontfamily
INFO [2017-02-10 19:41:20] [1] "sans"
INFO [2017-02-10 19:41:20] 
INFO [2017-02-10 19:41:20] $main.fontfamily
INFO [2017-02-10 19:41:20] [1] "sans"
INFO [2017-02-10 19:41:20] 
INFO [2017-02-10 19:41:20] [[25]]
INFO [2017-02-10 19:41:20] 
INFO [2017-02-10 19:41:20] 
