INFO [2017-02-10 14:16:59] $x
INFO [2017-02-10 14:16:59] list(set1, set2)
INFO [2017-02-10 14:16:59] 
INFO [2017-02-10 14:16:59] $category.names
INFO [2017-02-10 14:16:59] c("Kidney", "Heart")
INFO [2017-02-10 14:16:59] 
INFO [2017-02-10 14:16:59] $output
INFO [2017-02-10 14:16:59] [1] TRUE
INFO [2017-02-10 14:16:59] 
INFO [2017-02-10 14:16:59] $filename
INFO [2017-02-10 14:16:59] NULL
INFO [2017-02-10 14:16:59] 
INFO [2017-02-10 14:16:59] $imagetype
INFO [2017-02-10 14:16:59] [1] "png"
INFO [2017-02-10 14:16:59] 
INFO [2017-02-10 14:16:59] $height
INFO [2017-02-10 14:16:59] [1] 480
INFO [2017-02-10 14:16:59] 
INFO [2017-02-10 14:16:59] $width
INFO [2017-02-10 14:16:59] [1] 480
INFO [2017-02-10 14:16:59] 
INFO [2017-02-10 14:16:59] $resolution
INFO [2017-02-10 14:16:59] [1] 300
INFO [2017-02-10 14:16:59] 
INFO [2017-02-10 14:16:59] $compression
INFO [2017-02-10 14:16:59] [1] "lzw"
INFO [2017-02-10 14:16:59] 
INFO [2017-02-10 14:16:59] $lwd
INFO [2017-02-10 14:16:59] [1] 2
INFO [2017-02-10 14:16:59] 
INFO [2017-02-10 14:16:59] $lty
INFO [2017-02-10 14:16:59] [1] "blank"
INFO [2017-02-10 14:16:59] 
INFO [2017-02-10 14:16:59] $fill
INFO [2017-02-10 14:16:59] c("yellow", "green")
INFO [2017-02-10 14:16:59] 
INFO [2017-02-10 14:16:59] $cex
INFO [2017-02-10 14:16:59] [1] 1
INFO [2017-02-10 14:16:59] 
INFO [2017-02-10 14:16:59] $fontface
INFO [2017-02-10 14:16:59] [1] "bold"
INFO [2017-02-10 14:16:59] 
INFO [2017-02-10 14:16:59] $fontfamily
INFO [2017-02-10 14:16:59] [1] "sans"
INFO [2017-02-10 14:16:59] 
INFO [2017-02-10 14:16:59] $cat.cex
INFO [2017-02-10 14:16:59] [1] 1.2
INFO [2017-02-10 14:16:59] 
INFO [2017-02-10 14:16:59] $cat.pos
INFO [2017-02-10 14:16:59] c(-27, 27)
INFO [2017-02-10 14:16:59] 
INFO [2017-02-10 14:16:59] $cat.dist
INFO [2017-02-10 14:16:59] c(0.055, 0.055)
INFO [2017-02-10 14:16:59] 
INFO [2017-02-10 14:16:59] $cat.fontfamily
INFO [2017-02-10 14:16:59] [1] "sans"
INFO [2017-02-10 14:16:59] 
INFO [2017-02-10 14:16:59] [[20]]
INFO [2017-02-10 14:16:59] 
INFO [2017-02-10 14:16:59] 
