INFO [2017-02-10 19:16:30] $main
INFO [2017-02-10 19:16:30] title
INFO [2017-02-10 19:16:30] 
INFO [2017-02-10 19:16:30] $main.cex
INFO [2017-02-10 19:16:30] sqrt(2)
INFO [2017-02-10 19:16:30] 
INFO [2017-02-10 19:16:30] $x
INFO [2017-02-10 19:16:30] list(set.kidney, set.heart)
INFO [2017-02-10 19:16:30] 
INFO [2017-02-10 19:16:30] $category.names
INFO [2017-02-10 19:16:30] c("Kidney", "Heart")
INFO [2017-02-10 19:16:30] 
INFO [2017-02-10 19:16:30] $output
INFO [2017-02-10 19:16:30] [1] TRUE
INFO [2017-02-10 19:16:30] 
INFO [2017-02-10 19:16:30] $filename
INFO [2017-02-10 19:16:30] NULL
INFO [2017-02-10 19:16:30] 
INFO [2017-02-10 19:16:30] $imagetype
INFO [2017-02-10 19:16:30] [1] "png"
INFO [2017-02-10 19:16:30] 
INFO [2017-02-10 19:16:30] $height
INFO [2017-02-10 19:16:30] [1] 480
INFO [2017-02-10 19:16:30] 
INFO [2017-02-10 19:16:30] $width
INFO [2017-02-10 19:16:30] [1] 480
INFO [2017-02-10 19:16:30] 
INFO [2017-02-10 19:16:30] $resolution
INFO [2017-02-10 19:16:30] [1] 300
INFO [2017-02-10 19:16:30] 
INFO [2017-02-10 19:16:30] $compression
INFO [2017-02-10 19:16:30] [1] "lzw"
INFO [2017-02-10 19:16:30] 
INFO [2017-02-10 19:16:30] $lwd
INFO [2017-02-10 19:16:30] [1] 2
INFO [2017-02-10 19:16:30] 
INFO [2017-02-10 19:16:30] $lty
INFO [2017-02-10 19:16:30] [1] "blank"
INFO [2017-02-10 19:16:30] 
INFO [2017-02-10 19:16:30] $fill
INFO [2017-02-10 19:16:30] c("yellow", "green")
INFO [2017-02-10 19:16:30] 
INFO [2017-02-10 19:16:30] $cex
INFO [2017-02-10 19:16:30] [1] 1
INFO [2017-02-10 19:16:30] 
INFO [2017-02-10 19:16:30] $fontface
INFO [2017-02-10 19:16:30] [1] "bold"
INFO [2017-02-10 19:16:30] 
INFO [2017-02-10 19:16:30] $fontfamily
INFO [2017-02-10 19:16:30] [1] "sans"
INFO [2017-02-10 19:16:30] 
INFO [2017-02-10 19:16:30] $cat.cex
INFO [2017-02-10 19:16:30] [1] 1.2
INFO [2017-02-10 19:16:30] 
INFO [2017-02-10 19:16:30] $cat.fontface
INFO [2017-02-10 19:16:30] [1] "bold"
INFO [2017-02-10 19:16:30] 
INFO [2017-02-10 19:16:30] $main.fontface
INFO [2017-02-10 19:16:30] [1] "bold"
INFO [2017-02-10 19:16:30] 
INFO [2017-02-10 19:16:30] $cat.pos
INFO [2017-02-10 19:16:30] c(-27, 27)
INFO [2017-02-10 19:16:30] 
INFO [2017-02-10 19:16:30] $cat.dist
INFO [2017-02-10 19:16:30] c(0.055, 0.055)
INFO [2017-02-10 19:16:30] 
INFO [2017-02-10 19:16:30] $cat.fontfamily
INFO [2017-02-10 19:16:30] [1] "sans"
INFO [2017-02-10 19:16:30] 
INFO [2017-02-10 19:16:30] $main.fontfamily
INFO [2017-02-10 19:16:30] [1] "sans"
INFO [2017-02-10 19:16:30] 
INFO [2017-02-10 19:16:30] [[25]]
INFO [2017-02-10 19:16:30] 
INFO [2017-02-10 19:16:30] 
