INFO [2017-02-10 19:47:11] $main
INFO [2017-02-10 19:47:11] title
INFO [2017-02-10 19:47:11] 
INFO [2017-02-10 19:47:11] $main.cex
INFO [2017-02-10 19:47:11] sqrt(2)
INFO [2017-02-10 19:47:11] 
INFO [2017-02-10 19:47:11] $x
INFO [2017-02-10 19:47:11] list(set.kidney, set.heart)
INFO [2017-02-10 19:47:11] 
INFO [2017-02-10 19:47:11] $category.names
INFO [2017-02-10 19:47:11] c("Kidney", "Heart")
INFO [2017-02-10 19:47:11] 
INFO [2017-02-10 19:47:11] $output
INFO [2017-02-10 19:47:11] [1] TRUE
INFO [2017-02-10 19:47:11] 
INFO [2017-02-10 19:47:11] $filename
INFO [2017-02-10 19:47:11] NULL
INFO [2017-02-10 19:47:11] 
INFO [2017-02-10 19:47:11] $imagetype
INFO [2017-02-10 19:47:11] [1] "png"
INFO [2017-02-10 19:47:11] 
INFO [2017-02-10 19:47:11] $height
INFO [2017-02-10 19:47:11] [1] 480
INFO [2017-02-10 19:47:11] 
INFO [2017-02-10 19:47:11] $width
INFO [2017-02-10 19:47:11] [1] 480
INFO [2017-02-10 19:47:11] 
INFO [2017-02-10 19:47:11] $resolution
INFO [2017-02-10 19:47:11] [1] 300
INFO [2017-02-10 19:47:11] 
INFO [2017-02-10 19:47:11] $compression
INFO [2017-02-10 19:47:11] [1] "lzw"
INFO [2017-02-10 19:47:11] 
INFO [2017-02-10 19:47:11] $lwd
INFO [2017-02-10 19:47:11] [1] 2
INFO [2017-02-10 19:47:11] 
INFO [2017-02-10 19:47:11] $lty
INFO [2017-02-10 19:47:11] [1] "blank"
INFO [2017-02-10 19:47:11] 
INFO [2017-02-10 19:47:11] $fill
INFO [2017-02-10 19:47:11] c("yellow", "green")
INFO [2017-02-10 19:47:11] 
INFO [2017-02-10 19:47:11] $cex
INFO [2017-02-10 19:47:11] [1] 1
INFO [2017-02-10 19:47:11] 
INFO [2017-02-10 19:47:11] $fontface
INFO [2017-02-10 19:47:11] [1] "bold"
INFO [2017-02-10 19:47:11] 
INFO [2017-02-10 19:47:11] $fontfamily
INFO [2017-02-10 19:47:11] [1] "sans"
INFO [2017-02-10 19:47:11] 
INFO [2017-02-10 19:47:11] $cat.cex
INFO [2017-02-10 19:47:11] [1] 1.2
INFO [2017-02-10 19:47:11] 
INFO [2017-02-10 19:47:11] $cat.fontface
INFO [2017-02-10 19:47:11] [1] "bold"
INFO [2017-02-10 19:47:11] 
INFO [2017-02-10 19:47:11] $main.fontface
INFO [2017-02-10 19:47:11] [1] "bold"
INFO [2017-02-10 19:47:11] 
INFO [2017-02-10 19:47:11] $cat.pos
INFO [2017-02-10 19:47:11] c(-27, 27)
INFO [2017-02-10 19:47:11] 
INFO [2017-02-10 19:47:11] $cat.dist
INFO [2017-02-10 19:47:11] c(0.055, 0.055)
INFO [2017-02-10 19:47:11] 
INFO [2017-02-10 19:47:11] $cat.fontfamily
INFO [2017-02-10 19:47:11] [1] "sans"
INFO [2017-02-10 19:47:11] 
INFO [2017-02-10 19:47:11] $main.fontfamily
INFO [2017-02-10 19:47:11] [1] "sans"
INFO [2017-02-10 19:47:11] 
INFO [2017-02-10 19:47:11] [[25]]
INFO [2017-02-10 19:47:11] 
INFO [2017-02-10 19:47:11] 
