INFO [2017-02-10 19:32:04] $main
INFO [2017-02-10 19:32:04] title
INFO [2017-02-10 19:32:04] 
INFO [2017-02-10 19:32:04] $main.cex
INFO [2017-02-10 19:32:04] sqrt(2)
INFO [2017-02-10 19:32:04] 
INFO [2017-02-10 19:32:04] $x
INFO [2017-02-10 19:32:04] list(set.kidney, set.heart)
INFO [2017-02-10 19:32:04] 
INFO [2017-02-10 19:32:04] $category.names
INFO [2017-02-10 19:32:04] c("Kidney", "Heart")
INFO [2017-02-10 19:32:04] 
INFO [2017-02-10 19:32:04] $output
INFO [2017-02-10 19:32:04] [1] TRUE
INFO [2017-02-10 19:32:04] 
INFO [2017-02-10 19:32:04] $filename
INFO [2017-02-10 19:32:04] NULL
INFO [2017-02-10 19:32:04] 
INFO [2017-02-10 19:32:04] $imagetype
INFO [2017-02-10 19:32:04] [1] "png"
INFO [2017-02-10 19:32:04] 
INFO [2017-02-10 19:32:04] $height
INFO [2017-02-10 19:32:04] [1] 480
INFO [2017-02-10 19:32:04] 
INFO [2017-02-10 19:32:04] $width
INFO [2017-02-10 19:32:04] [1] 480
INFO [2017-02-10 19:32:04] 
INFO [2017-02-10 19:32:04] $resolution
INFO [2017-02-10 19:32:04] [1] 300
INFO [2017-02-10 19:32:04] 
INFO [2017-02-10 19:32:04] $compression
INFO [2017-02-10 19:32:04] [1] "lzw"
INFO [2017-02-10 19:32:04] 
INFO [2017-02-10 19:32:04] $lwd
INFO [2017-02-10 19:32:04] [1] 2
INFO [2017-02-10 19:32:04] 
INFO [2017-02-10 19:32:04] $lty
INFO [2017-02-10 19:32:04] [1] "blank"
INFO [2017-02-10 19:32:04] 
INFO [2017-02-10 19:32:04] $fill
INFO [2017-02-10 19:32:04] c("yellow", "green")
INFO [2017-02-10 19:32:04] 
INFO [2017-02-10 19:32:04] $cex
INFO [2017-02-10 19:32:04] [1] 1
INFO [2017-02-10 19:32:04] 
INFO [2017-02-10 19:32:04] $fontface
INFO [2017-02-10 19:32:04] [1] "bold"
INFO [2017-02-10 19:32:04] 
INFO [2017-02-10 19:32:04] $fontfamily
INFO [2017-02-10 19:32:04] [1] "sans"
INFO [2017-02-10 19:32:04] 
INFO [2017-02-10 19:32:04] $cat.cex
INFO [2017-02-10 19:32:04] [1] 1.2
INFO [2017-02-10 19:32:04] 
INFO [2017-02-10 19:32:04] $cat.fontface
INFO [2017-02-10 19:32:04] [1] "bold"
INFO [2017-02-10 19:32:04] 
INFO [2017-02-10 19:32:04] $main.fontface
INFO [2017-02-10 19:32:04] [1] "bold"
INFO [2017-02-10 19:32:04] 
INFO [2017-02-10 19:32:04] $cat.pos
INFO [2017-02-10 19:32:04] c(-27, 27)
INFO [2017-02-10 19:32:04] 
INFO [2017-02-10 19:32:04] $cat.dist
INFO [2017-02-10 19:32:04] c(0.055, 0.055)
INFO [2017-02-10 19:32:04] 
INFO [2017-02-10 19:32:04] $cat.fontfamily
INFO [2017-02-10 19:32:04] [1] "sans"
INFO [2017-02-10 19:32:04] 
INFO [2017-02-10 19:32:04] $main.fontfamily
INFO [2017-02-10 19:32:04] [1] "sans"
INFO [2017-02-10 19:32:04] 
INFO [2017-02-10 19:32:04] [[25]]
INFO [2017-02-10 19:32:04] 
INFO [2017-02-10 19:32:04] 
INFO [2017-02-10 19:32:04] $main
INFO [2017-02-10 19:32:04] title
INFO [2017-02-10 19:32:04] 
INFO [2017-02-10 19:32:04] $main.cex
INFO [2017-02-10 19:32:04] sqrt(2)
INFO [2017-02-10 19:32:04] 
INFO [2017-02-10 19:32:04] $x
INFO [2017-02-10 19:32:04] list(set.kidney, set.heart)
INFO [2017-02-10 19:32:04] 
INFO [2017-02-10 19:32:04] $category.names
INFO [2017-02-10 19:32:04] c("Kidney", "Heart")
INFO [2017-02-10 19:32:04] 
INFO [2017-02-10 19:32:04] $output
INFO [2017-02-10 19:32:04] [1] TRUE
INFO [2017-02-10 19:32:04] 
INFO [2017-02-10 19:32:04] $filename
INFO [2017-02-10 19:32:04] NULL
INFO [2017-02-10 19:32:04] 
INFO [2017-02-10 19:32:04] $imagetype
INFO [2017-02-10 19:32:04] [1] "png"
INFO [2017-02-10 19:32:04] 
INFO [2017-02-10 19:32:04] $height
INFO [2017-02-10 19:32:04] [1] 480
INFO [2017-02-10 19:32:04] 
INFO [2017-02-10 19:32:04] $width
INFO [2017-02-10 19:32:04] [1] 480
INFO [2017-02-10 19:32:04] 
INFO [2017-02-10 19:32:04] $resolution
INFO [2017-02-10 19:32:04] [1] 300
INFO [2017-02-10 19:32:04] 
INFO [2017-02-10 19:32:04] $compression
INFO [2017-02-10 19:32:04] [1] "lzw"
INFO [2017-02-10 19:32:04] 
INFO [2017-02-10 19:32:04] $lwd
INFO [2017-02-10 19:32:04] [1] 2
INFO [2017-02-10 19:32:04] 
INFO [2017-02-10 19:32:04] $lty
INFO [2017-02-10 19:32:04] [1] "blank"
INFO [2017-02-10 19:32:04] 
INFO [2017-02-10 19:32:04] $fill
INFO [2017-02-10 19:32:04] c("yellow", "green")
INFO [2017-02-10 19:32:04] 
INFO [2017-02-10 19:32:04] $cex
INFO [2017-02-10 19:32:04] [1] 1
INFO [2017-02-10 19:32:04] 
INFO [2017-02-10 19:32:04] $fontface
INFO [2017-02-10 19:32:04] [1] "bold"
INFO [2017-02-10 19:32:04] 
INFO [2017-02-10 19:32:04] $fontfamily
INFO [2017-02-10 19:32:04] [1] "sans"
INFO [2017-02-10 19:32:04] 
INFO [2017-02-10 19:32:04] $cat.cex
INFO [2017-02-10 19:32:04] [1] 1.2
INFO [2017-02-10 19:32:04] 
INFO [2017-02-10 19:32:04] $cat.fontface
INFO [2017-02-10 19:32:04] [1] "bold"
INFO [2017-02-10 19:32:04] 
INFO [2017-02-10 19:32:04] $main.fontface
INFO [2017-02-10 19:32:04] [1] "bold"
INFO [2017-02-10 19:32:04] 
INFO [2017-02-10 19:32:04] $cat.pos
INFO [2017-02-10 19:32:04] c(-27, 27)
INFO [2017-02-10 19:32:04] 
INFO [2017-02-10 19:32:04] $cat.dist
INFO [2017-02-10 19:32:04] c(0.055, 0.055)
INFO [2017-02-10 19:32:04] 
INFO [2017-02-10 19:32:04] $cat.fontfamily
INFO [2017-02-10 19:32:04] [1] "sans"
INFO [2017-02-10 19:32:04] 
INFO [2017-02-10 19:32:04] $main.fontfamily
INFO [2017-02-10 19:32:04] [1] "sans"
INFO [2017-02-10 19:32:04] 
INFO [2017-02-10 19:32:04] [[25]]
INFO [2017-02-10 19:32:04] 
INFO [2017-02-10 19:32:04] 
