INFO [2017-02-10 19:29:45] $main
INFO [2017-02-10 19:29:45] title
INFO [2017-02-10 19:29:45] 
INFO [2017-02-10 19:29:45] $main.cex
INFO [2017-02-10 19:29:45] sqrt(2)
INFO [2017-02-10 19:29:45] 
INFO [2017-02-10 19:29:45] $x
INFO [2017-02-10 19:29:45] list(set.kidney, set.heart)
INFO [2017-02-10 19:29:45] 
INFO [2017-02-10 19:29:45] $category.names
INFO [2017-02-10 19:29:45] c("Kidney", "Heart")
INFO [2017-02-10 19:29:45] 
INFO [2017-02-10 19:29:45] $output
INFO [2017-02-10 19:29:45] [1] TRUE
INFO [2017-02-10 19:29:45] 
INFO [2017-02-10 19:29:45] $filename
INFO [2017-02-10 19:29:45] NULL
INFO [2017-02-10 19:29:45] 
INFO [2017-02-10 19:29:45] $imagetype
INFO [2017-02-10 19:29:45] [1] "png"
INFO [2017-02-10 19:29:45] 
INFO [2017-02-10 19:29:45] $height
INFO [2017-02-10 19:29:45] [1] 480
INFO [2017-02-10 19:29:45] 
INFO [2017-02-10 19:29:45] $width
INFO [2017-02-10 19:29:45] [1] 480
INFO [2017-02-10 19:29:45] 
INFO [2017-02-10 19:29:45] $resolution
INFO [2017-02-10 19:29:45] [1] 300
INFO [2017-02-10 19:29:45] 
INFO [2017-02-10 19:29:45] $compression
INFO [2017-02-10 19:29:45] [1] "lzw"
INFO [2017-02-10 19:29:45] 
INFO [2017-02-10 19:29:45] $lwd
INFO [2017-02-10 19:29:45] [1] 2
INFO [2017-02-10 19:29:45] 
INFO [2017-02-10 19:29:45] $lty
INFO [2017-02-10 19:29:45] [1] "blank"
INFO [2017-02-10 19:29:45] 
INFO [2017-02-10 19:29:45] $fill
INFO [2017-02-10 19:29:45] c("yellow", "green")
INFO [2017-02-10 19:29:45] 
INFO [2017-02-10 19:29:45] $cex
INFO [2017-02-10 19:29:45] [1] 1
INFO [2017-02-10 19:29:45] 
INFO [2017-02-10 19:29:45] $fontface
INFO [2017-02-10 19:29:45] [1] "bold"
INFO [2017-02-10 19:29:45] 
INFO [2017-02-10 19:29:45] $fontfamily
INFO [2017-02-10 19:29:45] [1] "sans"
INFO [2017-02-10 19:29:45] 
INFO [2017-02-10 19:29:45] $cat.cex
INFO [2017-02-10 19:29:45] [1] 1.2
INFO [2017-02-10 19:29:45] 
INFO [2017-02-10 19:29:45] $cat.fontface
INFO [2017-02-10 19:29:45] [1] "bold"
INFO [2017-02-10 19:29:45] 
INFO [2017-02-10 19:29:45] $main.fontface
INFO [2017-02-10 19:29:45] [1] "bold"
INFO [2017-02-10 19:29:45] 
INFO [2017-02-10 19:29:45] $cat.pos
INFO [2017-02-10 19:29:45] c(-27, 27)
INFO [2017-02-10 19:29:45] 
INFO [2017-02-10 19:29:45] $cat.dist
INFO [2017-02-10 19:29:45] c(0.055, 0.055)
INFO [2017-02-10 19:29:45] 
INFO [2017-02-10 19:29:45] $cat.fontfamily
INFO [2017-02-10 19:29:45] [1] "sans"
INFO [2017-02-10 19:29:45] 
INFO [2017-02-10 19:29:45] $main.fontfamily
INFO [2017-02-10 19:29:45] [1] "sans"
INFO [2017-02-10 19:29:45] 
INFO [2017-02-10 19:29:45] [[25]]
INFO [2017-02-10 19:29:45] 
INFO [2017-02-10 19:29:45] 
