INFO [2017-02-10 19:34:23] $main
INFO [2017-02-10 19:34:23] title
INFO [2017-02-10 19:34:23] 
INFO [2017-02-10 19:34:23] $main.cex
INFO [2017-02-10 19:34:23] sqrt(2)
INFO [2017-02-10 19:34:23] 
INFO [2017-02-10 19:34:23] $x
INFO [2017-02-10 19:34:23] list(set.kidney, set.heart)
INFO [2017-02-10 19:34:23] 
INFO [2017-02-10 19:34:23] $category.names
INFO [2017-02-10 19:34:23] c("Kidney", "Heart")
INFO [2017-02-10 19:34:23] 
INFO [2017-02-10 19:34:23] $output
INFO [2017-02-10 19:34:23] [1] TRUE
INFO [2017-02-10 19:34:23] 
INFO [2017-02-10 19:34:23] $filename
INFO [2017-02-10 19:34:23] NULL
INFO [2017-02-10 19:34:23] 
INFO [2017-02-10 19:34:23] $imagetype
INFO [2017-02-10 19:34:23] [1] "png"
INFO [2017-02-10 19:34:23] 
INFO [2017-02-10 19:34:23] $height
INFO [2017-02-10 19:34:23] [1] 480
INFO [2017-02-10 19:34:23] 
INFO [2017-02-10 19:34:23] $width
INFO [2017-02-10 19:34:23] [1] 480
INFO [2017-02-10 19:34:23] 
INFO [2017-02-10 19:34:23] $resolution
INFO [2017-02-10 19:34:23] [1] 300
INFO [2017-02-10 19:34:23] 
INFO [2017-02-10 19:34:23] $compression
INFO [2017-02-10 19:34:23] [1] "lzw"
INFO [2017-02-10 19:34:23] 
INFO [2017-02-10 19:34:23] $lwd
INFO [2017-02-10 19:34:23] [1] 2
INFO [2017-02-10 19:34:23] 
INFO [2017-02-10 19:34:23] $lty
INFO [2017-02-10 19:34:23] [1] "blank"
INFO [2017-02-10 19:34:23] 
INFO [2017-02-10 19:34:23] $fill
INFO [2017-02-10 19:34:23] c("yellow", "green")
INFO [2017-02-10 19:34:23] 
INFO [2017-02-10 19:34:23] $cex
INFO [2017-02-10 19:34:23] [1] 1
INFO [2017-02-10 19:34:23] 
INFO [2017-02-10 19:34:23] $fontface
INFO [2017-02-10 19:34:23] [1] "bold"
INFO [2017-02-10 19:34:23] 
INFO [2017-02-10 19:34:23] $fontfamily
INFO [2017-02-10 19:34:23] [1] "sans"
INFO [2017-02-10 19:34:23] 
INFO [2017-02-10 19:34:23] $cat.cex
INFO [2017-02-10 19:34:23] [1] 1.2
INFO [2017-02-10 19:34:23] 
INFO [2017-02-10 19:34:23] $cat.fontface
INFO [2017-02-10 19:34:23] [1] "bold"
INFO [2017-02-10 19:34:23] 
INFO [2017-02-10 19:34:23] $main.fontface
INFO [2017-02-10 19:34:23] [1] "bold"
INFO [2017-02-10 19:34:23] 
INFO [2017-02-10 19:34:23] $cat.pos
INFO [2017-02-10 19:34:23] c(-27, 27)
INFO [2017-02-10 19:34:23] 
INFO [2017-02-10 19:34:23] $cat.dist
INFO [2017-02-10 19:34:23] c(0.055, 0.055)
INFO [2017-02-10 19:34:23] 
INFO [2017-02-10 19:34:23] $cat.fontfamily
INFO [2017-02-10 19:34:23] [1] "sans"
INFO [2017-02-10 19:34:23] 
INFO [2017-02-10 19:34:23] $main.fontfamily
INFO [2017-02-10 19:34:23] [1] "sans"
INFO [2017-02-10 19:34:23] 
INFO [2017-02-10 19:34:23] [[25]]
INFO [2017-02-10 19:34:23] 
INFO [2017-02-10 19:34:23] 
