INFO [2017-02-10 19:29:46] $main
INFO [2017-02-10 19:29:46] title
INFO [2017-02-10 19:29:46] 
INFO [2017-02-10 19:29:46] $main.cex
INFO [2017-02-10 19:29:46] sqrt(2)
INFO [2017-02-10 19:29:46] 
INFO [2017-02-10 19:29:46] $x
INFO [2017-02-10 19:29:46] list(set.kidney, set.heart)
INFO [2017-02-10 19:29:46] 
INFO [2017-02-10 19:29:46] $category.names
INFO [2017-02-10 19:29:46] c("Kidney", "Heart")
INFO [2017-02-10 19:29:46] 
INFO [2017-02-10 19:29:46] $output
INFO [2017-02-10 19:29:46] [1] TRUE
INFO [2017-02-10 19:29:46] 
INFO [2017-02-10 19:29:46] $filename
INFO [2017-02-10 19:29:46] NULL
INFO [2017-02-10 19:29:46] 
INFO [2017-02-10 19:29:46] $imagetype
INFO [2017-02-10 19:29:46] [1] "png"
INFO [2017-02-10 19:29:46] 
INFO [2017-02-10 19:29:46] $height
INFO [2017-02-10 19:29:46] [1] 480
INFO [2017-02-10 19:29:46] 
INFO [2017-02-10 19:29:46] $width
INFO [2017-02-10 19:29:46] [1] 480
INFO [2017-02-10 19:29:46] 
INFO [2017-02-10 19:29:46] $resolution
INFO [2017-02-10 19:29:46] [1] 300
INFO [2017-02-10 19:29:46] 
INFO [2017-02-10 19:29:46] $compression
INFO [2017-02-10 19:29:46] [1] "lzw"
INFO [2017-02-10 19:29:46] 
INFO [2017-02-10 19:29:46] $lwd
INFO [2017-02-10 19:29:46] [1] 2
INFO [2017-02-10 19:29:46] 
INFO [2017-02-10 19:29:46] $lty
INFO [2017-02-10 19:29:46] [1] "blank"
INFO [2017-02-10 19:29:46] 
INFO [2017-02-10 19:29:46] $fill
INFO [2017-02-10 19:29:46] c("yellow", "green")
INFO [2017-02-10 19:29:46] 
INFO [2017-02-10 19:29:46] $cex
INFO [2017-02-10 19:29:46] [1] 1
INFO [2017-02-10 19:29:46] 
INFO [2017-02-10 19:29:46] $fontface
INFO [2017-02-10 19:29:46] [1] "bold"
INFO [2017-02-10 19:29:46] 
INFO [2017-02-10 19:29:46] $fontfamily
INFO [2017-02-10 19:29:46] [1] "sans"
INFO [2017-02-10 19:29:46] 
INFO [2017-02-10 19:29:46] $cat.cex
INFO [2017-02-10 19:29:46] [1] 1.2
INFO [2017-02-10 19:29:46] 
INFO [2017-02-10 19:29:46] $cat.fontface
INFO [2017-02-10 19:29:46] [1] "bold"
INFO [2017-02-10 19:29:46] 
INFO [2017-02-10 19:29:46] $main.fontface
INFO [2017-02-10 19:29:46] [1] "bold"
INFO [2017-02-10 19:29:46] 
INFO [2017-02-10 19:29:46] $cat.pos
INFO [2017-02-10 19:29:46] c(-27, 27)
INFO [2017-02-10 19:29:46] 
INFO [2017-02-10 19:29:46] $cat.dist
INFO [2017-02-10 19:29:46] c(0.055, 0.055)
INFO [2017-02-10 19:29:46] 
INFO [2017-02-10 19:29:46] $cat.fontfamily
INFO [2017-02-10 19:29:46] [1] "sans"
INFO [2017-02-10 19:29:46] 
INFO [2017-02-10 19:29:46] $main.fontfamily
INFO [2017-02-10 19:29:46] [1] "sans"
INFO [2017-02-10 19:29:46] 
INFO [2017-02-10 19:29:46] [[25]]
INFO [2017-02-10 19:29:46] 
INFO [2017-02-10 19:29:46] 
