INFO [2017-02-10 19:19:32] $main
INFO [2017-02-10 19:19:32] title
INFO [2017-02-10 19:19:32] 
INFO [2017-02-10 19:19:32] $main.cex
INFO [2017-02-10 19:19:32] sqrt(2)
INFO [2017-02-10 19:19:32] 
INFO [2017-02-10 19:19:32] $x
INFO [2017-02-10 19:19:32] list(set.kidney, set.heart)
INFO [2017-02-10 19:19:32] 
INFO [2017-02-10 19:19:32] $category.names
INFO [2017-02-10 19:19:32] c("Kidney", "Heart")
INFO [2017-02-10 19:19:32] 
INFO [2017-02-10 19:19:32] $output
INFO [2017-02-10 19:19:32] [1] TRUE
INFO [2017-02-10 19:19:32] 
INFO [2017-02-10 19:19:32] $filename
INFO [2017-02-10 19:19:32] NULL
INFO [2017-02-10 19:19:32] 
INFO [2017-02-10 19:19:32] $imagetype
INFO [2017-02-10 19:19:32] [1] "png"
INFO [2017-02-10 19:19:32] 
INFO [2017-02-10 19:19:32] $height
INFO [2017-02-10 19:19:32] [1] 480
INFO [2017-02-10 19:19:32] 
INFO [2017-02-10 19:19:32] $width
INFO [2017-02-10 19:19:32] [1] 480
INFO [2017-02-10 19:19:32] 
INFO [2017-02-10 19:19:32] $resolution
INFO [2017-02-10 19:19:32] [1] 300
INFO [2017-02-10 19:19:32] 
INFO [2017-02-10 19:19:32] $compression
INFO [2017-02-10 19:19:32] [1] "lzw"
INFO [2017-02-10 19:19:32] 
INFO [2017-02-10 19:19:32] $lwd
INFO [2017-02-10 19:19:32] [1] 2
INFO [2017-02-10 19:19:32] 
INFO [2017-02-10 19:19:32] $lty
INFO [2017-02-10 19:19:32] [1] "blank"
INFO [2017-02-10 19:19:32] 
INFO [2017-02-10 19:19:32] $fill
INFO [2017-02-10 19:19:32] c("yellow", "green")
INFO [2017-02-10 19:19:32] 
INFO [2017-02-10 19:19:32] $cex
INFO [2017-02-10 19:19:32] [1] 1
INFO [2017-02-10 19:19:32] 
INFO [2017-02-10 19:19:32] $fontface
INFO [2017-02-10 19:19:32] [1] "bold"
INFO [2017-02-10 19:19:32] 
INFO [2017-02-10 19:19:32] $fontfamily
INFO [2017-02-10 19:19:32] [1] "sans"
INFO [2017-02-10 19:19:32] 
INFO [2017-02-10 19:19:32] $cat.cex
INFO [2017-02-10 19:19:32] [1] 1.2
INFO [2017-02-10 19:19:32] 
INFO [2017-02-10 19:19:32] $cat.fontface
INFO [2017-02-10 19:19:32] [1] "bold"
INFO [2017-02-10 19:19:32] 
INFO [2017-02-10 19:19:32] $main.fontface
INFO [2017-02-10 19:19:32] [1] "bold"
INFO [2017-02-10 19:19:32] 
INFO [2017-02-10 19:19:32] $cat.pos
INFO [2017-02-10 19:19:32] c(-27, 27)
INFO [2017-02-10 19:19:32] 
INFO [2017-02-10 19:19:32] $cat.dist
INFO [2017-02-10 19:19:32] c(0.055, 0.055)
INFO [2017-02-10 19:19:32] 
INFO [2017-02-10 19:19:32] $cat.fontfamily
INFO [2017-02-10 19:19:32] [1] "sans"
INFO [2017-02-10 19:19:32] 
INFO [2017-02-10 19:19:32] $main.fontfamily
INFO [2017-02-10 19:19:32] [1] "sans"
INFO [2017-02-10 19:19:32] 
INFO [2017-02-10 19:19:32] [[25]]
INFO [2017-02-10 19:19:32] 
INFO [2017-02-10 19:19:32] 
