INFO [2017-02-10 14:12:04] $x
INFO [2017-02-10 14:12:04] list(set1, set2)
INFO [2017-02-10 14:12:04] 
INFO [2017-02-10 14:12:04] $category.names
INFO [2017-02-10 14:12:04] c("Kidney", "Heart")
INFO [2017-02-10 14:12:04] 
INFO [2017-02-10 14:12:04] $output
INFO [2017-02-10 14:12:04] [1] TRUE
INFO [2017-02-10 14:12:04] 
INFO [2017-02-10 14:12:04] $filename
INFO [2017-02-10 14:12:04] NULL
INFO [2017-02-10 14:12:04] 
INFO [2017-02-10 14:12:04] $imagetype
INFO [2017-02-10 14:12:04] [1] "png"
INFO [2017-02-10 14:12:04] 
INFO [2017-02-10 14:12:04] $height
INFO [2017-02-10 14:12:04] [1] 480
INFO [2017-02-10 14:12:04] 
INFO [2017-02-10 14:12:04] $width
INFO [2017-02-10 14:12:04] [1] 480
INFO [2017-02-10 14:12:04] 
INFO [2017-02-10 14:12:04] $resolution
INFO [2017-02-10 14:12:04] [1] 300
INFO [2017-02-10 14:12:04] 
INFO [2017-02-10 14:12:04] $compression
INFO [2017-02-10 14:12:04] [1] "lzw"
INFO [2017-02-10 14:12:04] 
INFO [2017-02-10 14:12:04] $lwd
INFO [2017-02-10 14:12:04] [1] 2
INFO [2017-02-10 14:12:04] 
INFO [2017-02-10 14:12:04] $lty
INFO [2017-02-10 14:12:04] [1] "blank"
INFO [2017-02-10 14:12:04] 
INFO [2017-02-10 14:12:04] $fill
INFO [2017-02-10 14:12:04] c("yellow", "green")
INFO [2017-02-10 14:12:04] 
INFO [2017-02-10 14:12:04] $cex
INFO [2017-02-10 14:12:04] [1] 1
INFO [2017-02-10 14:12:04] 
INFO [2017-02-10 14:12:04] $fontface
INFO [2017-02-10 14:12:04] [1] "bold"
INFO [2017-02-10 14:12:04] 
INFO [2017-02-10 14:12:04] $fontfamily
INFO [2017-02-10 14:12:04] [1] "sans"
INFO [2017-02-10 14:12:04] 
INFO [2017-02-10 14:12:04] $cat.cex
INFO [2017-02-10 14:12:04] [1] 0.6
INFO [2017-02-10 14:12:04] 
INFO [2017-02-10 14:12:04] [[17]]
INFO [2017-02-10 14:12:04] 
INFO [2017-02-10 14:12:04] 
